
> @lamatic/integrations@1.0.0 build
> tsc

[96m../../apps/web/app/analytics/page.tsx[0m:[93m1[0m:[93m36[0m - [91merror[0m[90m TS2307: [0mCannot find module '@/components/analytics/analytics-dashboard' or its corresponding type declarations.

[7m1[0m import { AnalyticsDashboard } from '@/components/analytics/analytics-dashboard'
[7m [0m [91m                                   ~~~~~~~~~~~~~~~~~~~~~~~~~~~~~~~~~~~~~~~~~~~~[0m

[96m../../apps/web/app/deployments/page.tsx[0m:[93m1[0m:[93m37[0m - [91merror[0m[90m TS2307: [0mCannot find module '@/components/deployments/deployment-dashboard' or its corresponding type declarations.

[7m1[0m import { DeploymentDashboard } from '@/components/deployments/deployment-dashboard'
[7m [0m [91m                                    ~~~~~~~~~~~~~~~~~~~~~~~~~~~~~~~~~~~~~~~~~~~~~~~[0m

[96m../../apps/web/app/integrations/page.tsx[0m:[93m1[0m:[93m32[0m - [91merror[0m[90m TS2307: [0mCannot find module '@/components/integrations/integration-hub' or its corresponding type declarations.

[7m1[0m import { IntegrationHub } from '@/components/integrations/integration-hub'
[7m [0m [91m                               ~~~~~~~~~~~~~~~~~~~~~~~~~~~~~~~~~~~~~~~~~~~[0m

[96m../../apps/web/app/layout.tsx[0m:[93m4[0m:[93m27[0m - [91merror[0m[90m TS2307: [0mCannot find module '@/components/providers' or its corresponding type declarations.

[7m4[0m import { Providers } from '@/components/providers'
[7m [0m [91m                          ~~~~~~~~~~~~~~~~~~~~~~~~[0m

[96m../../apps/web/app/layout.tsx[0m:[93m5[0m:[93m24[0m - [91merror[0m[90m TS2307: [0mCannot find module '@/components/layout/header' or its corresponding type declarations.

[7m5[0m import { Header } from '@/components/layout/header'
[7m [0m [91m                       ~~~~~~~~~~~~~~~~~~~~~~~~~~~~[0m

[96m../../apps/web/app/layout.tsx[0m:[93m6[0m:[93m25[0m - [91merror[0m[90m TS2307: [0mCannot find module '@/components/layout/sidebar' or its corresponding type declarations.

[7m6[0m import { Sidebar } from '@/components/layout/sidebar'
[7m [0m [91m                        ~~~~~~~~~~~~~~~~~~~~~~~~~~~~~[0m

[96m../../apps/web/app/layout.tsx[0m:[93m7[0m:[93m25[0m - [91merror[0m[90m TS2307: [0mCannot find module '@/components/ui/toaster' or its corresponding type declarations.

[7m7[0m import { Toaster } from '@/components/ui/toaster'
[7m [0m [91m                        ~~~~~~~~~~~~~~~~~~~~~~~~~[0m

[96m../../apps/web/app/page.tsx[0m:[93m1[0m:[93m22[0m - [91merror[0m[90m TS2307: [0mCannot find module '@/components/sections/hero' or its corresponding type declarations.

[7m1[0m import { Hero } from '@/components/sections/hero'
[7m [0m [91m                     ~~~~~~~~~~~~~~~~~~~~~~~~~~~~[0m

[96m../../apps/web/app/page.tsx[0m:[93m2[0m:[93m26[0m - [91merror[0m[90m TS2307: [0mCannot find module '@/components/sections/features' or its corresponding type declarations.

[7m2[0m import { Features } from '@/components/sections/features'
[7m [0m [91m                         ~~~~~~~~~~~~~~~~~~~~~~~~~~~~~~~~[0m

[96m../../apps/web/app/page.tsx[0m:[93m3[0m:[93m30[0m - [91merror[0m[90m TS2307: [0mCannot find module '@/components/sections/integrations' or its corresponding type declarations.

[7m3[0m import { Integrations } from '@/components/sections/integrations'
[7m [0m [91m                             ~~~~~~~~~~~~~~~~~~~~~~~~~~~~~~~~~~~~[0m

[96m../../apps/web/app/page.tsx[0m:[93m4[0m:[93m30[0m - [91merror[0m[90m TS2307: [0mCannot find module '@/components/sections/testimonials' or its corresponding type declarations.

[7m4[0m import { Testimonials } from '@/components/sections/testimonials'
[7m [0m [91m                             ~~~~~~~~~~~~~~~~~~~~~~~~~~~~~~~~~~~~[0m

[96m../../apps/web/app/page.tsx[0m:[93m5[0m:[93m25[0m - [91merror[0m[90m TS2307: [0mCannot find module '@/components/sections/pricing' or its corresponding type declarations.

[7m5[0m import { Pricing } from '@/components/sections/pricing'
[7m [0m [91m                        ~~~~~~~~~~~~~~~~~~~~~~~~~~~~~~~[0m

[96m../../apps/web/app/page.tsx[0m:[93m6[0m:[93m21[0m - [91merror[0m[90m TS2307: [0mCannot find module '@/components/sections/cta' or its corresponding type declarations.

[7m6[0m import { CTA } from '@/components/sections/cta'
[7m [0m [91m                    ~~~~~~~~~~~~~~~~~~~~~~~~~~~[0m

[96m../../apps/web/app/studio/page.tsx[0m:[93m1[0m:[93m33[0m - [91merror[0m[90m TS2307: [0mCannot find module '@/components/studio/studio-interface' or its corresponding type declarations.

[7m1[0m import { StudioInterface } from '@/components/studio/studio-interface'
[7m [0m [91m                                ~~~~~~~~~~~~~~~~~~~~~~~~~~~~~~~~~~~~~~[0m

[96m../../apps/web/app/workflows/page.tsx[0m:[93m1[0m:[93m30[0m - [91merror[0m[90m TS2307: [0mCannot find module '@/components/workflows/workflow-list' or its corresponding type declarations.

[7m1[0m import { WorkflowList } from '@/components/workflows/workflow-list'
[7m [0m [91m                             ~~~~~~~~~~~~~~~~~~~~~~~~~~~~~~~~~~~~~~[0m

[96m../../apps/web/app/workflows/page.tsx[0m:[93m2[0m:[93m24[0m - [91merror[0m[90m TS2307: [0mCannot find module '@/components/ui/button' or its corresponding type declarations.

[7m2[0m import { Button } from '@/components/ui/button'
[7m [0m [91m                       ~~~~~~~~~~~~~~~~~~~~~~~~[0m

[96m../../apps/web/src/components/analytics/analytics-dashboard.tsx[0m:[93m4[0m:[93m75[0m - [91merror[0m[90m TS2307: [0mCannot find module '@/components/ui/card' or its corresponding type declarations.

[7m4[0m import { Card, CardContent, CardDescription, CardHeader, CardTitle } from '@/components/ui/card'
[7m [0m [91m                                                                          ~~~~~~~~~~~~~~~~~~~~~~[0m

[96m../../apps/web/src/components/analytics/analytics-dashboard.tsx[0m:[93m5[0m:[93m24[0m - [91merror[0m[90m TS2307: [0mCannot find module '@/components/ui/button' or its corresponding type declarations.

[7m5[0m import { Button } from '@/components/ui/button'
[7m [0m [91m                       ~~~~~~~~~~~~~~~~~~~~~~~~[0m

[96m../../apps/web/src/components/analytics/analytics-dashboard.tsx[0m:[93m6[0m:[93m23[0m - [91merror[0m[90m TS2307: [0mCannot find module '@/components/ui/badge' or its corresponding type declarations.

[7m6[0m import { Badge } from '@/components/ui/badge'
[7m [0m [91m                      ~~~~~~~~~~~~~~~~~~~~~~~[0m

[96m../../apps/web/src/components/analytics/analytics-dashboard.tsx[0m:[93m7[0m:[93m58[0m - [91merror[0m[90m TS2307: [0mCannot find module '@/components/ui/tabs' or its corresponding type declarations.

[7m7[0m import { Tabs, TabsContent, TabsList, TabsTrigger } from '@/components/ui/tabs'
[7m [0m [91m                                                         ~~~~~~~~~~~~~~~~~~~~~~[0m

[96m../../apps/web/src/components/analytics/analytics-dashboard.tsx[0m:[93m8[0m:[93m79[0m - [91merror[0m[90m TS2307: [0mCannot find module '@/components/ui/select' or its corresponding type declarations.

[7m8[0m import { Select, SelectContent, SelectItem, SelectTrigger, SelectValue } from '@/components/ui/select'
[7m [0m [91m                                                                              ~~~~~~~~~~~~~~~~~~~~~~~~[0m

[96m../../apps/web/src/components/deployments/deployment-dashboard.tsx[0m:[93m4[0m:[93m58[0m - [91merror[0m[90m TS2307: [0mCannot find module '@/components/ui/card' or its corresponding type declarations.

[7m4[0m import { Card, CardContent, CardHeader, CardTitle } from '@/components/ui/card'
[7m [0m [91m                                                         ~~~~~~~~~~~~~~~~~~~~~~[0m

[96m../../apps/web/src/components/deployments/deployment-dashboard.tsx[0m:[93m5[0m:[93m24[0m - [91merror[0m[90m TS2307: [0mCannot find module '@/components/ui/button' or its corresponding type declarations.

[7m5[0m import { Button } from '@/components/ui/button'
[7m [0m [91m                       ~~~~~~~~~~~~~~~~~~~~~~~~[0m

[96m../../apps/web/src/components/deployments/deployment-dashboard.tsx[0m:[93m6[0m:[93m23[0m - [91merror[0m[90m TS2307: [0mCannot find module '@/components/ui/badge' or its corresponding type declarations.

[7m6[0m import { Badge } from '@/components/ui/badge'
[7m [0m [91m                      ~~~~~~~~~~~~~~~~~~~~~~~[0m

[96m../../apps/web/src/components/deployments/deployment-dashboard.tsx[0m:[93m7[0m:[93m58[0m - [91merror[0m[90m TS2307: [0mCannot find module '@/components/ui/tabs' or its corresponding type declarations.

[7m7[0m import { Tabs, TabsContent, TabsList, TabsTrigger } from '@/components/ui/tabs'
[7m [0m [91m                                                         ~~~~~~~~~~~~~~~~~~~~~~[0m

[96m../../apps/web/src/components/deployments/deployment-dashboard.tsx[0m:[93m8[0m:[93m28[0m - [91merror[0m[90m TS2307: [0mCannot find module '@/components/ui/scroll-area' or its corresponding type declarations.

[7m8[0m import { ScrollArea } from '@/components/ui/scroll-area'
[7m [0m [91m                           ~~~~~~~~~~~~~~~~~~~~~~~~~~~~~[0m

[96m../../apps/web/src/components/deployments/deployment-dashboard.tsx[0m:[93m9[0m:[93m27[0m - [91merror[0m[90m TS2307: [0mCannot find module '@/components/ui/separator' or its corresponding type declarations.

[7m9[0m import { Separator } from '@/components/ui/separator'
[7m [0m [91m                          ~~~~~~~~~~~~~~~~~~~~~~~~~~~[0m

[96m../../apps/web/src/components/deployments/deployment-dashboard.tsx[0m:[93m10[0m:[93m26[0m - [91merror[0m[90m TS2307: [0mCannot find module '@/components/ui/progress' or its corresponding type declarations.

[7m10[0m import { Progress } from '@/components/ui/progress'
[7m  [0m [91m                         ~~~~~~~~~~~~~~~~~~~~~~~~~~[0m

[96m../../apps/web/src/components/integrations/integration-hub.tsx[0m:[93m4[0m:[93m75[0m - [91merror[0m[90m TS2307: [0mCannot find module '@/components/ui/card' or its corresponding type declarations.

[7m4[0m import { Card, CardContent, CardDescription, CardHeader, CardTitle } from '@/components/ui/card'
[7m [0m [91m                                                                          ~~~~~~~~~~~~~~~~~~~~~~[0m

[96m../../apps/web/src/components/integrations/integration-hub.tsx[0m:[93m5[0m:[93m24[0m - [91merror[0m[90m TS2307: [0mCannot find module '@/components/ui/button' or its corresponding type declarations.

[7m5[0m import { Button } from '@/components/ui/button'
[7m [0m [91m                       ~~~~~~~~~~~~~~~~~~~~~~~~[0m

[96m../../apps/web/src/components/integrations/integration-hub.tsx[0m:[93m6[0m:[93m23[0m - [91merror[0m[90m TS2307: [0mCannot find module '@/components/ui/badge' or its corresponding type declarations.

[7m6[0m import { Badge } from '@/components/ui/badge'
[7m [0m [91m                      ~~~~~~~~~~~~~~~~~~~~~~~[0m

[96m../../apps/web/src/components/integrations/integration-hub.tsx[0m:[93m7[0m:[93m23[0m - [91merror[0m[90m TS2307: [0mCannot find module '@/components/ui/input' or its corresponding type declarations.

[7m7[0m import { Input } from '@/components/ui/input'
[7m [0m [91m                      ~~~~~~~~~~~~~~~~~~~~~~~[0m

[96m../../apps/web/src/components/integrations/integration-hub.tsx[0m:[93m8[0m:[93m58[0m - [91merror[0m[90m TS2307: [0mCannot find module '@/components/ui/tabs' or its corresponding type declarations.

[7m8[0m import { Tabs, TabsContent, TabsList, TabsTrigger } from '@/components/ui/tabs'
[7m [0m [91m                                                         ~~~~~~~~~~~~~~~~~~~~~~[0m

[96m../../apps/web/src/components/integrations/integration-hub.tsx[0m:[93m9[0m:[93m28[0m - [91merror[0m[90m TS2307: [0mCannot find module '@/components/ui/scroll-area' or its corresponding type declarations.

[7m9[0m import { ScrollArea } from '@/components/ui/scroll-area'
[7m [0m [91m                           ~~~~~~~~~~~~~~~~~~~~~~~~~~~~~[0m

[96m../../apps/web/src/components/integrations/integration-hub.tsx[0m:[93m373[0m:[93m24[0m - [91merror[0m[90m TS7006: [0mParameter 'e' implicitly has an 'any' type.

[7m373[0m             onChange={(e) => setSearchTerm(e.target.value)}
[7m   [0m [91m                       ~[0m

[96m../../apps/web/src/components/layout/sidebar.tsx[0m:[93m3[0m:[93m20[0m - [91merror[0m[90m TS2307: [0mCannot find module '@/lib/utils' or its corresponding type declarations.

[7m3[0m import { cn } from '@/lib/utils'
[7m [0m [91m                   ~~~~~~~~~~~~~[0m

[96m../../apps/web/src/components/layout/sidebar.tsx[0m:[93m4[0m:[93m24[0m - [91merror[0m[90m TS2307: [0mCannot find module '@/components/ui/button' or its corresponding type declarations.

[7m4[0m import { Button } from '@/components/ui/button'
[7m [0m [91m                       ~~~~~~~~~~~~~~~~~~~~~~~~[0m

[96m../../apps/web/src/components/layout/sidebar.tsx[0m:[93m5[0m:[93m28[0m - [91merror[0m[90m TS2307: [0mCannot find module '@/components/ui/scroll-area' or its corresponding type declarations.

[7m5[0m import { ScrollArea } from '@/components/ui/scroll-area'
[7m [0m [91m                           ~~~~~~~~~~~~~~~~~~~~~~~~~~~~~[0m

[96m../../apps/web/src/components/layout/sidebar.tsx[0m:[93m6[0m:[93m27[0m - [91merror[0m[90m TS2307: [0mCannot find module '@/components/ui/separator' or its corresponding type declarations.

[7m6[0m import { Separator } from '@/components/ui/separator'
[7m [0m [91m                          ~~~~~~~~~~~~~~~~~~~~~~~~~~~[0m

[96m../../apps/web/src/components/providers/index.tsx[0m:[93m6[0m:[93m30[0m - [91merror[0m[90m TS2307: [0mCannot find module '@/lib/apollo-client' or its corresponding type declarations.

[7m6[0m import { apolloClient } from '@/lib/apollo-client'
[7m [0m [91m                             ~~~~~~~~~~~~~~~~~~~~~[0m

[96m../../apps/web/src/components/sections/cta.tsx[0m:[93m1[0m:[93m24[0m - [91merror[0m[90m TS2307: [0mCannot find module '@/components/ui/button' or its corresponding type declarations.

[7m1[0m import { Button } from '@/components/ui/button'
[7m [0m [91m                       ~~~~~~~~~~~~~~~~~~~~~~~~[0m

[96m../../apps/web/src/components/sections/features.tsx[0m:[93m1[0m:[93m75[0m - [91merror[0m[90m TS2307: [0mCannot find module '@/components/ui/card' or its corresponding type declarations.

[7m1[0m import { Card, CardContent, CardDescription, CardHeader, CardTitle } from '@/components/ui/card'
[7m [0m [91m                                                                          ~~~~~~~~~~~~~~~~~~~~~~[0m

[96m../../apps/web/src/components/sections/hero.tsx[0m:[93m1[0m:[93m24[0m - [91merror[0m[90m TS2307: [0mCannot find module '@/components/ui/button' or its corresponding type declarations.

[7m1[0m import { Button } from '@/components/ui/button'
[7m [0m [91m                       ~~~~~~~~~~~~~~~~~~~~~~~~[0m

[96m../../apps/web/src/components/sections/integrations.tsx[0m:[93m1[0m:[93m23[0m - [91merror[0m[90m TS2307: [0mCannot find module '@/components/ui/badge' or its corresponding type declarations.

[7m1[0m import { Badge } from '@/components/ui/badge'
[7m [0m [91m                      ~~~~~~~~~~~~~~~~~~~~~~~[0m

[96m../../apps/web/src/components/sections/pricing.tsx[0m:[93m1[0m:[93m90[0m - [91merror[0m[90m TS2307: [0mCannot find module '@/components/ui' or its corresponding type declarations.

[7m1[0m import { Button, Card, CardContent, CardDescription, CardHeader, CardTitle, Badge } from '@/components/ui'
[7m [0m [91m                                                                                         ~~~~~~~~~~~~~~~~~[0m

[96m../../apps/web/src/components/sections/testimonials.tsx[0m:[93m1[0m:[93m35[0m - [91merror[0m[90m TS2307: [0mCannot find module '@/components/ui/card' or its corresponding type declarations.

[7m1[0m import { Card, CardContent } from '@/components/ui/card'
[7m [0m [91m                                  ~~~~~~~~~~~~~~~~~~~~~~[0m

[96m../../apps/web/src/components/studio/advanced-flow-builder.tsx[0m:[93m22[0m:[93m58[0m - [91merror[0m[90m TS2307: [0mCannot find module '@/components/ui/card' or its corresponding type declarations.

[7m22[0m import { Card, CardContent, CardHeader, CardTitle } from '@/components/ui/card'
[7m  [0m [91m                                                         ~~~~~~~~~~~~~~~~~~~~~~[0m

[96m../../apps/web/src/components/studio/advanced-flow-builder.tsx[0m:[93m23[0m:[93m24[0m - [91merror[0m[90m TS2307: [0mCannot find module '@/components/ui/button' or its corresponding type declarations.

[7m23[0m import { Button } from '@/components/ui/button'
[7m  [0m [91m                       ~~~~~~~~~~~~~~~~~~~~~~~~[0m

[96m../../apps/web/src/components/studio/advanced-flow-builder.tsx[0m:[93m24[0m:[93m23[0m - [91merror[0m[90m TS2307: [0mCannot find module '@/components/ui/badge' or its corresponding type declarations.

[7m24[0m import { Badge } from '@/components/ui/badge'
[7m  [0m [91m                      ~~~~~~~~~~~~~~~~~~~~~~~[0m

[96m../../apps/web/src/components/studio/advanced-flow-builder.tsx[0m:[93m25[0m:[93m58[0m - [91merror[0m[90m TS2307: [0mCannot find module '@/components/ui/tabs' or its corresponding type declarations.

[7m25[0m import { Tabs, TabsContent, TabsList, TabsTrigger } from '@/components/ui/tabs'
[7m  [0m [91m                                                         ~~~~~~~~~~~~~~~~~~~~~~[0m

[96m../../apps/web/src/components/studio/advanced-flow-builder.tsx[0m:[93m452[0m:[93m35[0m - [91merror[0m[90m TS7006: [0mParameter 'event' implicitly has an 'any' type.

[7m452[0m                     onDragStart={(event) => {
[7m   [0m [91m                                  ~~~~~[0m

[96m../../apps/web/src/components/studio/advanced-flow-builder.tsx[0m:[93m610[0m:[93m19[0m - [91merror[0m[90m TS2322: [0mType 'unknown' is not assignable to type 'string | number | readonly string[] | undefined'.

[7m610[0m                   value={selectedNode.data.title}
[7m   [0m [91m                  ~~~~~[0m

  [96m../../node_modules/@types/react/index.d.ts[0m:[93m3410[0m:[93m9[0m
    [7m3410[0m         value?: string | readonly string[] | number | undefined;
    [7m    [0m [96m        ~~~~~[0m
    The expected type comes from property 'value' which is declared here on type 'DetailedHTMLProps<InputHTMLAttributes<HTMLInputElement>, HTMLInputElement>'

[96m../../apps/web/src/components/studio/advanced-flow-builder.tsx[0m:[93m627[0m:[93m19[0m - [91merror[0m[90m TS2322: [0mType 'unknown' is not assignable to type 'string | number | readonly string[] | undefined'.

[7m627[0m                   value={selectedNode.data.description}
[7m   [0m [91m                  ~~~~~[0m

  [96m../../node_modules/@types/react/index.d.ts[0m:[93m3612[0m:[93m9[0m
    [7m3612[0m         value?: string | readonly string[] | number | undefined;
    [7m    [0m [96m        ~~~~~[0m
    The expected type comes from property 'value' which is declared here on type 'DetailedHTMLProps<TextareaHTMLAttributes<HTMLTextAreaElement>, HTMLTextAreaElement>'

[96m../../apps/web/src/components/studio/agent-manager.tsx[0m:[93m4[0m:[93m58[0m - [91merror[0m[90m TS2307: [0mCannot find module '@/components/ui/card' or its corresponding type declarations.

[7m4[0m import { Card, CardContent, CardHeader, CardTitle } from '@/components/ui/card'
[7m [0m [91m                                                         ~~~~~~~~~~~~~~~~~~~~~~[0m

[96m../../apps/web/src/components/studio/agent-manager.tsx[0m:[93m5[0m:[93m24[0m - [91merror[0m[90m TS2307: [0mCannot find module '@/components/ui/button' or its corresponding type declarations.

[7m5[0m import { Button } from '@/components/ui/button'
[7m [0m [91m                       ~~~~~~~~~~~~~~~~~~~~~~~~[0m

[96m../../apps/web/src/components/studio/agent-manager.tsx[0m:[93m6[0m:[93m23[0m - [91merror[0m[90m TS2307: [0mCannot find module '@/components/ui/badge' or its corresponding type declarations.

[7m6[0m import { Badge } from '@/components/ui/badge'
[7m [0m [91m                      ~~~~~~~~~~~~~~~~~~~~~~~[0m

[96m../../apps/web/src/components/studio/agent-manager.tsx[0m:[93m7[0m:[93m58[0m - [91merror[0m[90m TS2307: [0mCannot find module '@/components/ui/tabs' or its corresponding type declarations.

[7m7[0m import { Tabs, TabsContent, TabsList, TabsTrigger } from '@/components/ui/tabs'
[7m [0m [91m                                                         ~~~~~~~~~~~~~~~~~~~~~~[0m

[96m../../apps/web/src/components/studio/agent-manager.tsx[0m:[93m8[0m:[93m28[0m - [91merror[0m[90m TS2307: [0mCannot find module '@/components/ui/scroll-area' or its corresponding type declarations.

[7m8[0m import { ScrollArea } from '@/components/ui/scroll-area'
[7m [0m [91m                           ~~~~~~~~~~~~~~~~~~~~~~~~~~~~~[0m

[96m../../apps/web/src/components/studio/agent-manager.tsx[0m:[93m9[0m:[93m23[0m - [91merror[0m[90m TS2307: [0mCannot find module '@/components/ui/input' or its corresponding type declarations.

[7m9[0m import { Input } from '@/components/ui/input'
[7m [0m [91m                      ~~~~~~~~~~~~~~~~~~~~~~~[0m

[96m../../apps/web/src/components/studio/agent-manager.tsx[0m:[93m10[0m:[93m23[0m - [91merror[0m[90m TS2307: [0mCannot find module '@/components/ui/label' or its corresponding type declarations.

[7m10[0m import { Label } from '@/components/ui/label'
[7m  [0m [91m                      ~~~~~~~~~~~~~~~~~~~~~~~[0m

[96m../../apps/web/src/components/studio/agent-manager.tsx[0m:[93m11[0m:[93m26[0m - [91merror[0m[90m TS2307: [0mCannot find module '@/components/ui/textarea' or its corresponding type declarations.

[7m11[0m import { Textarea } from '@/components/ui/textarea'
[7m  [0m [91m                         ~~~~~~~~~~~~~~~~~~~~~~~~~~[0m

[96m../../apps/web/src/components/studio/agent-manager.tsx[0m:[93m12[0m:[93m27[0m - [91merror[0m[90m TS2307: [0mCannot find module '@/components/ui/separator' or its corresponding type declarations.

[7m12[0m import { Separator } from '@/components/ui/separator'
[7m  [0m [91m                          ~~~~~~~~~~~~~~~~~~~~~~~~~~~[0m

[96m../../apps/web/src/components/studio/context-manager.tsx[0m:[93m4[0m:[93m58[0m - [91merror[0m[90m TS2307: [0mCannot find module '@/components/ui/card' or its corresponding type declarations.

[7m4[0m import { Card, CardContent, CardHeader, CardTitle } from '@/components/ui/card'
[7m [0m [91m                                                         ~~~~~~~~~~~~~~~~~~~~~~[0m

[96m../../apps/web/src/components/studio/context-manager.tsx[0m:[93m5[0m:[93m24[0m - [91merror[0m[90m TS2307: [0mCannot find module '@/components/ui/button' or its corresponding type declarations.

[7m5[0m import { Button } from '@/components/ui/button'
[7m [0m [91m                       ~~~~~~~~~~~~~~~~~~~~~~~~[0m

[96m../../apps/web/src/components/studio/context-manager.tsx[0m:[93m6[0m:[93m23[0m - [91merror[0m[90m TS2307: [0mCannot find module '@/components/ui/badge' or its corresponding type declarations.

[7m6[0m import { Badge } from '@/components/ui/badge'
[7m [0m [91m                      ~~~~~~~~~~~~~~~~~~~~~~~[0m

[96m../../apps/web/src/components/studio/context-manager.tsx[0m:[93m7[0m:[93m58[0m - [91merror[0m[90m TS2307: [0mCannot find module '@/components/ui/tabs' or its corresponding type declarations.

[7m7[0m import { Tabs, TabsContent, TabsList, TabsTrigger } from '@/components/ui/tabs'
[7m [0m [91m                                                         ~~~~~~~~~~~~~~~~~~~~~~[0m

[96m../../apps/web/src/components/studio/context-manager.tsx[0m:[93m8[0m:[93m28[0m - [91merror[0m[90m TS2307: [0mCannot find module '@/components/ui/scroll-area' or its corresponding type declarations.

[7m8[0m import { ScrollArea } from '@/components/ui/scroll-area'
[7m [0m [91m                           ~~~~~~~~~~~~~~~~~~~~~~~~~~~~~[0m

[96m../../apps/web/src/components/studio/context-manager.tsx[0m:[93m9[0m:[93m23[0m - [91merror[0m[90m TS2307: [0mCannot find module '@/components/ui/input' or its corresponding type declarations.

[7m9[0m import { Input } from '@/components/ui/input'
[7m [0m [91m                      ~~~~~~~~~~~~~~~~~~~~~~~[0m

[96m../../apps/web/src/components/studio/context-manager.tsx[0m:[93m10[0m:[93m23[0m - [91merror[0m[90m TS2307: [0mCannot find module '@/components/ui/label' or its corresponding type declarations.

[7m10[0m import { Label } from '@/components/ui/label'
[7m  [0m [91m                      ~~~~~~~~~~~~~~~~~~~~~~~[0m

[96m../../apps/web/src/components/studio/context-manager.tsx[0m:[93m11[0m:[93m26[0m - [91merror[0m[90m TS2307: [0mCannot find module '@/components/ui/textarea' or its corresponding type declarations.

[7m11[0m import { Textarea } from '@/components/ui/textarea'
[7m  [0m [91m                         ~~~~~~~~~~~~~~~~~~~~~~~~~~[0m

[96m../../apps/web/src/components/studio/context-manager.tsx[0m:[93m12[0m:[93m27[0m - [91merror[0m[90m TS2307: [0mCannot find module '@/components/ui/separator' or its corresponding type declarations.

[7m12[0m import { Separator } from '@/components/ui/separator'
[7m  [0m [91m                          ~~~~~~~~~~~~~~~~~~~~~~~~~~~[0m

[96m../../apps/web/src/components/studio/context-manager.tsx[0m:[93m13[0m:[93m26[0m - [91merror[0m[90m TS2307: [0mCannot find module '@/components/ui/progress' or its corresponding type declarations.

[7m13[0m import { Progress } from '@/components/ui/progress'
[7m  [0m [91m                         ~~~~~~~~~~~~~~~~~~~~~~~~~~[0m

[96m../../apps/web/src/components/studio/context-manager.tsx[0m:[93m331[0m:[93m43[0m - [91merror[0m[90m TS7006: [0mParameter 'e' implicitly has an 'any' type.

[7m331[0m                                 onClick={(e) => {
[7m   [0m [91m                                          ~[0m

[96m../../apps/web/src/components/studio/custom-edge.tsx[0m:[93m51[0m:[93m15[0m - [91merror[0m[90m TS2322: [0mType '{}' is not assignable to type 'ReactNode'.

[7m51[0m               {data.label}
[7m  [0m [91m              ~~~~~~~~~~~~[0m

  [96m../../node_modules/@types/react/index.d.ts[0m:[93m2398[0m:[93m9[0m
    [7m2398[0m         children?: ReactNode | undefined;
    [7m    [0m [96m        ~~~~~~~~[0m
    The expected type comes from property 'children' which is declared here on type 'DetailedHTMLProps<HTMLAttributes<HTMLDivElement>, HTMLDivElement>'

[96m../../apps/web/src/components/studio/deployment-panel.tsx[0m:[93m4[0m:[93m58[0m - [91merror[0m[90m TS2307: [0mCannot find module '@/components/ui/card' or its corresponding type declarations.

[7m4[0m import { Card, CardContent, CardHeader, CardTitle } from '@/components/ui/card'
[7m [0m [91m                                                         ~~~~~~~~~~~~~~~~~~~~~~[0m

[96m../../apps/web/src/components/studio/deployment-panel.tsx[0m:[93m5[0m:[93m24[0m - [91merror[0m[90m TS2307: [0mCannot find module '@/components/ui/button' or its corresponding type declarations.

[7m5[0m import { Button } from '@/components/ui/button'
[7m [0m [91m                       ~~~~~~~~~~~~~~~~~~~~~~~~[0m

[96m../../apps/web/src/components/studio/deployment-panel.tsx[0m:[93m6[0m:[93m23[0m - [91merror[0m[90m TS2307: [0mCannot find module '@/components/ui/badge' or its corresponding type declarations.

[7m6[0m import { Badge } from '@/components/ui/badge'
[7m [0m [91m                      ~~~~~~~~~~~~~~~~~~~~~~~[0m

[96m../../apps/web/src/components/studio/deployment-panel.tsx[0m:[93m7[0m:[93m58[0m - [91merror[0m[90m TS2307: [0mCannot find module '@/components/ui/tabs' or its corresponding type declarations.

[7m7[0m import { Tabs, TabsContent, TabsList, TabsTrigger } from '@/components/ui/tabs'
[7m [0m [91m                                                         ~~~~~~~~~~~~~~~~~~~~~~[0m

[96m../../apps/web/src/components/studio/deployment-panel.tsx[0m:[93m8[0m:[93m28[0m - [91merror[0m[90m TS2307: [0mCannot find module '@/components/ui/scroll-area' or its corresponding type declarations.

[7m8[0m import { ScrollArea } from '@/components/ui/scroll-area'
[7m [0m [91m                           ~~~~~~~~~~~~~~~~~~~~~~~~~~~~~[0m

[96m../../apps/web/src/components/studio/deployment-panel.tsx[0m:[93m9[0m:[93m23[0m - [91merror[0m[90m TS2307: [0mCannot find module '@/components/ui/input' or its corresponding type declarations.

[7m9[0m import { Input } from '@/components/ui/input'
[7m [0m [91m                      ~~~~~~~~~~~~~~~~~~~~~~~[0m

[96m../../apps/web/src/components/studio/deployment-panel.tsx[0m:[93m10[0m:[93m23[0m - [91merror[0m[90m TS2307: [0mCannot find module '@/components/ui/label' or its corresponding type declarations.

[7m10[0m import { Label } from '@/components/ui/label'
[7m  [0m [91m                      ~~~~~~~~~~~~~~~~~~~~~~~[0m

[96m../../apps/web/src/components/studio/deployment-panel.tsx[0m:[93m11[0m:[93m79[0m - [91merror[0m[90m TS2307: [0mCannot find module '@/components/ui/select' or its corresponding type declarations.

[7m11[0m import { Select, SelectContent, SelectItem, SelectTrigger, SelectValue } from '@/components/ui/select'
[7m  [0m [91m                                                                              ~~~~~~~~~~~~~~~~~~~~~~~~[0m

[96m../../apps/web/src/components/studio/deployment-panel.tsx[0m:[93m12[0m:[93m27[0m - [91merror[0m[90m TS2307: [0mCannot find module '@/components/ui/separator' or its corresponding type declarations.

[7m12[0m import { Separator } from '@/components/ui/separator'
[7m  [0m [91m                          ~~~~~~~~~~~~~~~~~~~~~~~~~~~[0m

[96m../../apps/web/src/components/studio/deployment-panel.tsx[0m:[93m13[0m:[93m26[0m - [91merror[0m[90m TS2307: [0mCannot find module '@/components/ui/progress' or its corresponding type declarations.

[7m13[0m import { Progress } from '@/components/ui/progress'
[7m  [0m [91m                         ~~~~~~~~~~~~~~~~~~~~~~~~~~[0m

[96m../../apps/web/src/components/studio/flow-builder.tsx[0m:[93m20[0m:[93m24[0m - [91merror[0m[90m TS2307: [0mCannot find module '@/components/ui/button' or its corresponding type declarations.

[7m20[0m import { Button } from '@/components/ui/button'
[7m  [0m [91m                       ~~~~~~~~~~~~~~~~~~~~~~~~[0m

[96m../../apps/web/src/components/studio/flow-builder.tsx[0m:[93m21[0m:[93m22[0m - [91merror[0m[90m TS2307: [0mCannot find module '@/components/ui/card' or its corresponding type declarations.

[7m21[0m import { Card } from '@/components/ui/card'
[7m  [0m [91m                     ~~~~~~~~~~~~~~~~~~~~~~[0m

[96m../../apps/web/src/components/studio/flow-builder.tsx[0m:[93m22[0m:[93m27[0m - [91merror[0m[90m TS2307: [0mCannot find module '@/components/ui/separator' or its corresponding type declarations.

[7m22[0m import { Separator } from '@/components/ui/separator'
[7m  [0m [91m                          ~~~~~~~~~~~~~~~~~~~~~~~~~~~[0m

[96m../../apps/web/src/components/studio/flow-builder.tsx[0m:[93m23[0m:[93m28[0m - [91merror[0m[90m TS2307: [0mCannot find module '@/components/ui/scroll-area' or its corresponding type declarations.

[7m23[0m import { ScrollArea } from '@/components/ui/scroll-area'
[7m  [0m [91m                           ~~~~~~~~~~~~~~~~~~~~~~~~~~~~~[0m

[96m../../apps/web/src/components/studio/flow-builder.tsx[0m:[93m28[0m:[93m30[0m - [91merror[0m[90m TS2307: [0mCannot find module '@/store/flow-store' or its corresponding type declarations.

[7m28[0m import { useFlowStore } from '@/store/flow-store'
[7m  [0m [91m                             ~~~~~~~~~~~~~~~~~~~~[0m

[96m../../apps/web/src/components/studio/flow-builder.tsx[0m:[93m337[0m:[93m13[0m - [91merror[0m[90m TS2322: [0mType '{ node: Node; onNodeUpdate: (updates: any) => void; onClose: () => void; }' is not assignable to type 'IntrinsicAttributes'.
  Property 'node' does not exist on type 'IntrinsicAttributes'.

[7m337[0m             node={selectedNode}
[7m   [0m [91m            ~~~~[0m

[96m../../apps/web/src/components/studio/flow-builder.tsx[0m:[93m338[0m:[93m28[0m - [91merror[0m[90m TS7006: [0mParameter 'updates' implicitly has an 'any' type.

[7m338[0m             onNodeUpdate={(updates) => {
[7m   [0m [91m                           ~~~~~~~[0m

[96m../../apps/web/src/components/studio/flow-node.tsx[0m:[93m5[0m:[93m22[0m - [91merror[0m[90m TS2307: [0mCannot find module '@/components/ui/card' or its corresponding type declarations.

[7m5[0m import { Card } from '@/components/ui/card'
[7m [0m [91m                     ~~~~~~~~~~~~~~~~~~~~~~[0m

[96m../../apps/web/src/components/studio/flow-node.tsx[0m:[93m6[0m:[93m23[0m - [91merror[0m[90m TS2307: [0mCannot find module '@/components/ui/badge' or its corresponding type declarations.

[7m6[0m import { Badge } from '@/components/ui/badge'
[7m [0m [91m                      ~~~~~~~~~~~~~~~~~~~~~~~[0m

[96m../../apps/web/src/components/studio/flow-node.tsx[0m:[93m7[0m:[93m24[0m - [91merror[0m[90m TS2307: [0mCannot find module '@/components/ui/button' or its corresponding type declarations.

[7m7[0m import { Button } from '@/components/ui/button'
[7m [0m [91m                       ~~~~~~~~~~~~~~~~~~~~~~~~[0m

[96m../../apps/web/src/components/studio/flow-node.tsx[0m:[93m15[0m:[93m8[0m - [91merror[0m[90m TS2307: [0mCannot find module '@/components/ui/dropdown-menu' or its corresponding type declarations.

[7m15[0m } from '@/components/ui/dropdown-menu'
[7m  [0m [91m       ~~~~~~~~~~~~~~~~~~~~~~~~~~~~~~~[0m

[96m../../apps/web/src/components/studio/flow-node.tsx[0m:[93m16[0m:[93m20[0m - [91merror[0m[90m TS2307: [0mCannot find module '@/lib/utils' or its corresponding type declarations.

[7m16[0m import { cn } from '@/lib/utils'
[7m  [0m [91m                   ~~~~~~~~~~~~~[0m

[96m../../apps/web/src/components/studio/flow-node.tsx[0m:[93m83[0m:[93m60[0m - [91merror[0m[90m TS2344: [0mType 'Node<NodeData>' does not satisfy the constraint 'Node<Record<string, unknown>, string | undefined>'.
  Type 'Node<NodeData>' is not assignable to type '{ id: string; position: XYPosition; data: Record<string, unknown>; sourcePosition?: Position | undefined; targetPosition?: Position | undefined; ... 19 more ...; measured?: { ...; } | undefined; }'.
    Types of property 'data' are incompatible.
      Type 'NodeData' is not assignable to type 'Record<string, unknown>'.
        Index signature for type 'string' is missing in type 'NodeData'.

[7m83[0m export function FlowNode({ id, data, selected }: NodeProps<Node<NodeData>>) {
[7m  [0m [91m                                                           ~~~~~~~~~~~~~~[0m

[96m../../apps/web/src/components/studio/flow-node.tsx[0m:[93m83[0m:[93m65[0m - [91merror[0m[90m TS2344: [0mType 'NodeData' does not satisfy the constraint 'Record<string, unknown>'.
  Index signature for type 'string' is missing in type 'NodeData'.

[7m83[0m export function FlowNode({ id, data, selected }: NodeProps<Node<NodeData>>) {
[7m  [0m [91m                                                                ~~~~~~~~[0m

[96m../../apps/web/src/components/studio/flow-toolbar.tsx[0m:[93m4[0m:[93m24[0m - [91merror[0m[90m TS2307: [0mCannot find module '@/components/ui/button' or its corresponding type declarations.

[7m4[0m import { Button } from '@/components/ui/button'
[7m [0m [91m                       ~~~~~~~~~~~~~~~~~~~~~~~~[0m

[96m../../apps/web/src/components/studio/flow-toolbar.tsx[0m:[93m5[0m:[93m23[0m - [91merror[0m[90m TS2307: [0mCannot find module '@/components/ui/badge' or its corresponding type declarations.

[7m5[0m import { Badge } from '@/components/ui/badge'
[7m [0m [91m                      ~~~~~~~~~~~~~~~~~~~~~~~[0m

[96m../../apps/web/src/components/studio/flow-toolbar.tsx[0m:[93m6[0m:[93m27[0m - [91merror[0m[90m TS2307: [0mCannot find module '@/components/ui/separator' or its corresponding type declarations.

[7m6[0m import { Separator } from '@/components/ui/separator'
[7m [0m [91m                          ~~~~~~~~~~~~~~~~~~~~~~~~~~~[0m

[96m../../apps/web/src/components/studio/logs-viewer.tsx[0m:[93m4[0m:[93m58[0m - [91merror[0m[90m TS2307: [0mCannot find module '@/components/ui/card' or its corresponding type declarations.

[7m4[0m import { Card, CardContent, CardHeader, CardTitle } from '@/components/ui/card'
[7m [0m [91m                                                         ~~~~~~~~~~~~~~~~~~~~~~[0m

[96m../../apps/web/src/components/studio/logs-viewer.tsx[0m:[93m5[0m:[93m24[0m - [91merror[0m[90m TS2307: [0mCannot find module '@/components/ui/button' or its corresponding type declarations.

[7m5[0m import { Button } from '@/components/ui/button'
[7m [0m [91m                       ~~~~~~~~~~~~~~~~~~~~~~~~[0m

[96m../../apps/web/src/components/studio/logs-viewer.tsx[0m:[93m6[0m:[93m23[0m - [91merror[0m[90m TS2307: [0mCannot find module '@/components/ui/badge' or its corresponding type declarations.

[7m6[0m import { Badge } from '@/components/ui/badge'
[7m [0m [91m                      ~~~~~~~~~~~~~~~~~~~~~~~[0m

[96m../../apps/web/src/components/studio/logs-viewer.tsx[0m:[93m7[0m:[93m58[0m - [91merror[0m[90m TS2307: [0mCannot find module '@/components/ui/tabs' or its corresponding type declarations.

[7m7[0m import { Tabs, TabsContent, TabsList, TabsTrigger } from '@/components/ui/tabs'
[7m [0m [91m                                                         ~~~~~~~~~~~~~~~~~~~~~~[0m

[96m../../apps/web/src/components/studio/logs-viewer.tsx[0m:[93m8[0m:[93m28[0m - [91merror[0m[90m TS2307: [0mCannot find module '@/components/ui/scroll-area' or its corresponding type declarations.

[7m8[0m import { ScrollArea } from '@/components/ui/scroll-area'
[7m [0m [91m                           ~~~~~~~~~~~~~~~~~~~~~~~~~~~~~[0m

[96m../../apps/web/src/components/studio/logs-viewer.tsx[0m:[93m9[0m:[93m23[0m - [91merror[0m[90m TS2307: [0mCannot find module '@/components/ui/input' or its corresponding type declarations.

[7m9[0m import { Input } from '@/components/ui/input'
[7m [0m [91m                      ~~~~~~~~~~~~~~~~~~~~~~~[0m

[96m../../apps/web/src/components/studio/logs-viewer.tsx[0m:[93m10[0m:[93m23[0m - [91merror[0m[90m TS2307: [0mCannot find module '@/components/ui/label' or its corresponding type declarations.

[7m10[0m import { Label } from '@/components/ui/label'
[7m  [0m [91m                      ~~~~~~~~~~~~~~~~~~~~~~~[0m

[96m../../apps/web/src/components/studio/logs-viewer.tsx[0m:[93m11[0m:[93m27[0m - [91merror[0m[90m TS2307: [0mCannot find module '@/components/ui/separator' or its corresponding type declarations.

[7m11[0m import { Separator } from '@/components/ui/separator'
[7m  [0m [91m                          ~~~~~~~~~~~~~~~~~~~~~~~~~~~[0m

[96m../../apps/web/src/components/studio/logs-viewer.tsx[0m:[93m237[0m:[93m7[0m - [91merror[0m[90m TS2769: [0mNo overload matches this call.
  Overload 1 of 3, '(locales?: LocalesArgument, options?: DateTimeFormatOptions | undefined): string', gave the following error.
    Object literal may only specify known properties, and 'fractionalSecondDigits' does not exist in type 'DateTimeFormatOptions'.
  Overload 2 of 3, '(locales?: string | string[] | undefined, options?: DateTimeFormatOptions | undefined): string', gave the following error.
    Object literal may only specify known properties, and 'fractionalSecondDigits' does not exist in type 'DateTimeFormatOptions'.

[7m237[0m       fractionalSecondDigits: 3
[7m   [0m [91m      ~~~~~~~~~~~~~~~~~~~~~~[0m


[96m../../apps/web/src/components/studio/logs-viewer.tsx[0m:[93m300[0m:[93m30[0m - [91merror[0m[90m TS7006: [0mParameter 'e' implicitly has an 'any' type.

[7m300[0m                   onChange={(e) => setSearchQuery(e.target.value)}
[7m   [0m [91m                             ~[0m

[96m../../apps/web/src/components/studio/node-palette.tsx[0m:[93m4[0m:[93m22[0m - [91merror[0m[90m TS2307: [0mCannot find module '@/components/ui/card' or its corresponding type declarations.

[7m4[0m import { Card } from '@/components/ui/card'
[7m [0m [91m                     ~~~~~~~~~~~~~~~~~~~~~~[0m

[96m../../apps/web/src/components/studio/node-palette.tsx[0m:[93m5[0m:[93m23[0m - [91merror[0m[90m TS2307: [0mCannot find module '@/components/ui/badge' or its corresponding type declarations.

[7m5[0m import { Badge } from '@/components/ui/badge'
[7m [0m [91m                      ~~~~~~~~~~~~~~~~~~~~~~~[0m

[96m../../apps/web/src/components/studio/node-palette.tsx[0m:[93m6[0m:[93m27[0m - [91merror[0m[90m TS2307: [0mCannot find module '@/components/ui/separator' or its corresponding type declarations.

[7m6[0m import { Separator } from '@/components/ui/separator'
[7m [0m [91m                          ~~~~~~~~~~~~~~~~~~~~~~~~~~~[0m

[96m../../apps/web/src/components/studio/node-palette.tsx[0m:[93m7[0m:[93m28[0m - [91merror[0m[90m TS2307: [0mCannot find module '@/components/ui/scroll-area' or its corresponding type declarations.

[7m7[0m import { ScrollArea } from '@/components/ui/scroll-area'
[7m [0m [91m                           ~~~~~~~~~~~~~~~~~~~~~~~~~~~~~[0m

[96m../../apps/web/src/components/studio/node-palette.tsx[0m:[93m460[0m:[93m35[0m - [91merror[0m[90m TS7006: [0mParameter 'e' implicitly has an 'any' type.

[7m460[0m                     onDragStart={(e) => onDragStart(e, node.type)}
[7m   [0m [91m                                  ~[0m

[96m../../apps/web/src/components/studio/prompt-library.tsx[0m:[93m4[0m:[93m58[0m - [91merror[0m[90m TS2307: [0mCannot find module '@/components/ui/card' or its corresponding type declarations.

[7m4[0m import { Card, CardContent, CardHeader, CardTitle } from '@/components/ui/card'
[7m [0m [91m                                                         ~~~~~~~~~~~~~~~~~~~~~~[0m

[96m../../apps/web/src/components/studio/prompt-library.tsx[0m:[93m5[0m:[93m24[0m - [91merror[0m[90m TS2307: [0mCannot find module '@/components/ui/button' or its corresponding type declarations.

[7m5[0m import { Button } from '@/components/ui/button'
[7m [0m [91m                       ~~~~~~~~~~~~~~~~~~~~~~~~[0m

[96m../../apps/web/src/components/studio/prompt-library.tsx[0m:[93m6[0m:[93m23[0m - [91merror[0m[90m TS2307: [0mCannot find module '@/components/ui/badge' or its corresponding type declarations.

[7m6[0m import { Badge } from '@/components/ui/badge'
[7m [0m [91m                      ~~~~~~~~~~~~~~~~~~~~~~~[0m

[96m../../apps/web/src/components/studio/prompt-library.tsx[0m:[93m7[0m:[93m58[0m - [91merror[0m[90m TS2307: [0mCannot find module '@/components/ui/tabs' or its corresponding type declarations.

[7m7[0m import { Tabs, TabsContent, TabsList, TabsTrigger } from '@/components/ui/tabs'
[7m [0m [91m                                                         ~~~~~~~~~~~~~~~~~~~~~~[0m

[96m../../apps/web/src/components/studio/prompt-library.tsx[0m:[93m8[0m:[93m28[0m - [91merror[0m[90m TS2307: [0mCannot find module '@/components/ui/scroll-area' or its corresponding type declarations.

[7m8[0m import { ScrollArea } from '@/components/ui/scroll-area'
[7m [0m [91m                           ~~~~~~~~~~~~~~~~~~~~~~~~~~~~~[0m

[96m../../apps/web/src/components/studio/prompt-library.tsx[0m:[93m9[0m:[93m23[0m - [91merror[0m[90m TS2307: [0mCannot find module '@/components/ui/input' or its corresponding type declarations.

[7m9[0m import { Input } from '@/components/ui/input'
[7m [0m [91m                      ~~~~~~~~~~~~~~~~~~~~~~~[0m

[96m../../apps/web/src/components/studio/prompt-library.tsx[0m:[93m10[0m:[93m23[0m - [91merror[0m[90m TS2307: [0mCannot find module '@/components/ui/label' or its corresponding type declarations.

[7m10[0m import { Label } from '@/components/ui/label'
[7m  [0m [91m                      ~~~~~~~~~~~~~~~~~~~~~~~[0m

[96m../../apps/web/src/components/studio/prompt-library.tsx[0m:[93m11[0m:[93m26[0m - [91merror[0m[90m TS2307: [0mCannot find module '@/components/ui/textarea' or its corresponding type declarations.

[7m11[0m import { Textarea } from '@/components/ui/textarea'
[7m  [0m [91m                         ~~~~~~~~~~~~~~~~~~~~~~~~~~[0m

[96m../../apps/web/src/components/studio/prompt-library.tsx[0m:[93m12[0m:[93m27[0m - [91merror[0m[90m TS2307: [0mCannot find module '@/components/ui/separator' or its corresponding type declarations.

[7m12[0m import { Separator } from '@/components/ui/separator'
[7m  [0m [91m                          ~~~~~~~~~~~~~~~~~~~~~~~~~~~[0m

[96m../../apps/web/src/components/studio/prompt-library.tsx[0m:[93m325[0m:[93m30[0m - [91merror[0m[90m TS7006: [0mParameter 'e' implicitly has an 'any' type.

[7m325[0m                   onChange={(e) => setSearchQuery(e.target.value)}
[7m   [0m [91m                             ~[0m

[96m../../apps/web/src/components/studio/property-panel.tsx[0m:[93m4[0m:[93m58[0m - [91merror[0m[90m TS2307: [0mCannot find module '@/components/ui/card' or its corresponding type declarations.

[7m4[0m import { Card, CardContent, CardHeader, CardTitle } from '@/components/ui/card'
[7m [0m [91m                                                         ~~~~~~~~~~~~~~~~~~~~~~[0m

[96m../../apps/web/src/components/studio/property-panel.tsx[0m:[93m5[0m:[93m24[0m - [91merror[0m[90m TS2307: [0mCannot find module '@/components/ui/button' or its corresponding type declarations.

[7m5[0m import { Button } from '@/components/ui/button'
[7m [0m [91m                       ~~~~~~~~~~~~~~~~~~~~~~~~[0m

[96m../../apps/web/src/components/studio/property-panel.tsx[0m:[93m6[0m:[93m23[0m - [91merror[0m[90m TS2307: [0mCannot find module '@/components/ui/badge' or its corresponding type declarations.

[7m6[0m import { Badge } from '@/components/ui/badge'
[7m [0m [91m                      ~~~~~~~~~~~~~~~~~~~~~~~[0m

[96m../../apps/web/src/components/studio/property-panel.tsx[0m:[93m7[0m:[93m58[0m - [91merror[0m[90m TS2307: [0mCannot find module '@/components/ui/tabs' or its corresponding type declarations.

[7m7[0m import { Tabs, TabsContent, TabsList, TabsTrigger } from '@/components/ui/tabs'
[7m [0m [91m                                                         ~~~~~~~~~~~~~~~~~~~~~~[0m

[96m../../apps/web/src/components/studio/property-panel.tsx[0m:[93m8[0m:[93m28[0m - [91merror[0m[90m TS2307: [0mCannot find module '@/components/ui/scroll-area' or its corresponding type declarations.

[7m8[0m import { ScrollArea } from '@/components/ui/scroll-area'
[7m [0m [91m                           ~~~~~~~~~~~~~~~~~~~~~~~~~~~~~[0m

[96m../../apps/web/src/components/studio/property-panel.tsx[0m:[93m9[0m:[93m23[0m - [91merror[0m[90m TS2307: [0mCannot find module '@/components/ui/input' or its corresponding type declarations.

[7m9[0m import { Input } from '@/components/ui/input'
[7m [0m [91m                      ~~~~~~~~~~~~~~~~~~~~~~~[0m

[96m../../apps/web/src/components/studio/property-panel.tsx[0m:[93m10[0m:[93m23[0m - [91merror[0m[90m TS2307: [0mCannot find module '@/components/ui/label' or its corresponding type declarations.

[7m10[0m import { Label } from '@/components/ui/label'
[7m  [0m [91m                      ~~~~~~~~~~~~~~~~~~~~~~~[0m

[96m../../apps/web/src/components/studio/property-panel.tsx[0m:[93m11[0m:[93m26[0m - [91merror[0m[90m TS2307: [0mCannot find module '@/components/ui/textarea' or its corresponding type declarations.

[7m11[0m import { Textarea } from '@/components/ui/textarea'
[7m  [0m [91m                         ~~~~~~~~~~~~~~~~~~~~~~~~~~[0m

[96m../../apps/web/src/components/studio/property-panel.tsx[0m:[93m12[0m:[93m27[0m - [91merror[0m[90m TS2307: [0mCannot find module '@/components/ui/separator' or its corresponding type declarations.

[7m12[0m import { Separator } from '@/components/ui/separator'
[7m  [0m [91m                          ~~~~~~~~~~~~~~~~~~~~~~~~~~~[0m

[96m../../apps/web/src/components/studio/property-panel.tsx[0m:[93m164[0m:[93m24[0m - [91merror[0m[90m TS7006: [0mParameter 'e' implicitly has an 'any' type.

[7m164[0m             onChange={(e) => handlePropertyChange(property.key, e.target.value)}
[7m   [0m [91m                       ~[0m

[96m../../apps/web/src/components/studio/property-panel.tsx[0m:[93m175[0m:[93m24[0m - [91merror[0m[90m TS7006: [0mParameter 'e' implicitly has an 'any' type.

[7m175[0m             onChange={(e) => handlePropertyChange(property.key, parseFloat(e.target.value) || 0)}
[7m   [0m [91m                       ~[0m

[96m../../apps/web/src/components/studio/property-panel.tsx[0m:[93m213[0m:[93m24[0m - [91merror[0m[90m TS7006: [0mParameter 'e' implicitly has an 'any' type.

[7m213[0m             onChange={(e) => handlePropertyChange(property.key, e.target.value)}
[7m   [0m [91m                       ~[0m

[96m../../apps/web/src/components/studio/property-panel.tsx[0m:[93m227[0m:[93m32[0m - [91merror[0m[90m TS7006: [0mParameter 'e' implicitly has an 'any' type.

[7m227[0m                     onChange={(e) => {
[7m   [0m [91m                               ~[0m

[96m../../apps/web/src/components/studio/property-panel.tsx[0m:[93m267[0m:[93m26[0m - [91merror[0m[90m TS7006: [0mParameter 'e' implicitly has an 'any' type.

[7m267[0m               onChange={(e) => {
[7m   [0m [91m                         ~[0m

[96m../../apps/web/src/components/studio/property-panel.tsx[0m:[93m287[0m:[93m24[0m - [91merror[0m[90m TS7006: [0mParameter 'e' implicitly has an 'any' type.

[7m287[0m             onChange={(e) => handlePropertyChange(property.key, e.target.value)}
[7m   [0m [91m                       ~[0m

[96m../../apps/web/src/components/studio/reports-viewer.tsx[0m:[93m4[0m:[93m58[0m - [91merror[0m[90m TS2307: [0mCannot find module '@/components/ui/card' or its corresponding type declarations.

[7m4[0m import { Card, CardContent, CardHeader, CardTitle } from '@/components/ui/card'
[7m [0m [91m                                                         ~~~~~~~~~~~~~~~~~~~~~~[0m

[96m../../apps/web/src/components/studio/reports-viewer.tsx[0m:[93m5[0m:[93m24[0m - [91merror[0m[90m TS2307: [0mCannot find module '@/components/ui/button' or its corresponding type declarations.

[7m5[0m import { Button } from '@/components/ui/button'
[7m [0m [91m                       ~~~~~~~~~~~~~~~~~~~~~~~~[0m

[96m../../apps/web/src/components/studio/reports-viewer.tsx[0m:[93m6[0m:[93m23[0m - [91merror[0m[90m TS2307: [0mCannot find module '@/components/ui/badge' or its corresponding type declarations.

[7m6[0m import { Badge } from '@/components/ui/badge'
[7m [0m [91m                      ~~~~~~~~~~~~~~~~~~~~~~~[0m

[96m../../apps/web/src/components/studio/reports-viewer.tsx[0m:[93m7[0m:[93m58[0m - [91merror[0m[90m TS2307: [0mCannot find module '@/components/ui/tabs' or its corresponding type declarations.

[7m7[0m import { Tabs, TabsContent, TabsList, TabsTrigger } from '@/components/ui/tabs'
[7m [0m [91m                                                         ~~~~~~~~~~~~~~~~~~~~~~[0m

[96m../../apps/web/src/components/studio/reports-viewer.tsx[0m:[93m8[0m:[93m28[0m - [91merror[0m[90m TS2307: [0mCannot find module '@/components/ui/scroll-area' or its corresponding type declarations.

[7m8[0m import { ScrollArea } from '@/components/ui/scroll-area'
[7m [0m [91m                           ~~~~~~~~~~~~~~~~~~~~~~~~~~~~~[0m

[96m../../apps/web/src/components/studio/reports-viewer.tsx[0m:[93m9[0m:[93m23[0m - [91merror[0m[90m TS2307: [0mCannot find module '@/components/ui/input' or its corresponding type declarations.

[7m9[0m import { Input } from '@/components/ui/input'
[7m [0m [91m                      ~~~~~~~~~~~~~~~~~~~~~~~[0m

[96m../../apps/web/src/components/studio/reports-viewer.tsx[0m:[93m10[0m:[93m23[0m - [91merror[0m[90m TS2307: [0mCannot find module '@/components/ui/label' or its corresponding type declarations.

[7m10[0m import { Label } from '@/components/ui/label'
[7m  [0m [91m                      ~~~~~~~~~~~~~~~~~~~~~~~[0m

[96m../../apps/web/src/components/studio/reports-viewer.tsx[0m:[93m11[0m:[93m27[0m - [91merror[0m[90m TS2307: [0mCannot find module '@/components/ui/separator' or its corresponding type declarations.

[7m11[0m import { Separator } from '@/components/ui/separator'
[7m  [0m [91m                          ~~~~~~~~~~~~~~~~~~~~~~~~~~~[0m

[96m../../apps/web/src/components/studio/settings-panel.tsx[0m:[93m4[0m:[93m58[0m - [91merror[0m[90m TS2307: [0mCannot find module '@/components/ui/card' or its corresponding type declarations.

[7m4[0m import { Card, CardContent, CardHeader, CardTitle } from '@/components/ui/card'
[7m [0m [91m                                                         ~~~~~~~~~~~~~~~~~~~~~~[0m

[96m../../apps/web/src/components/studio/settings-panel.tsx[0m:[93m5[0m:[93m24[0m - [91merror[0m[90m TS2307: [0mCannot find module '@/components/ui/button' or its corresponding type declarations.

[7m5[0m import { Button } from '@/components/ui/button'
[7m [0m [91m                       ~~~~~~~~~~~~~~~~~~~~~~~~[0m

[96m../../apps/web/src/components/studio/settings-panel.tsx[0m:[93m6[0m:[93m23[0m - [91merror[0m[90m TS2307: [0mCannot find module '@/components/ui/badge' or its corresponding type declarations.

[7m6[0m import { Badge } from '@/components/ui/badge'
[7m [0m [91m                      ~~~~~~~~~~~~~~~~~~~~~~~[0m

[96m../../apps/web/src/components/studio/settings-panel.tsx[0m:[93m7[0m:[93m58[0m - [91merror[0m[90m TS2307: [0mCannot find module '@/components/ui/tabs' or its corresponding type declarations.

[7m7[0m import { Tabs, TabsContent, TabsList, TabsTrigger } from '@/components/ui/tabs'
[7m [0m [91m                                                         ~~~~~~~~~~~~~~~~~~~~~~[0m

[96m../../apps/web/src/components/studio/settings-panel.tsx[0m:[93m8[0m:[93m28[0m - [91merror[0m[90m TS2307: [0mCannot find module '@/components/ui/scroll-area' or its corresponding type declarations.

[7m8[0m import { ScrollArea } from '@/components/ui/scroll-area'
[7m [0m [91m                           ~~~~~~~~~~~~~~~~~~~~~~~~~~~~~[0m

[96m../../apps/web/src/components/studio/settings-panel.tsx[0m:[93m9[0m:[93m23[0m - [91merror[0m[90m TS2307: [0mCannot find module '@/components/ui/input' or its corresponding type declarations.

[7m9[0m import { Input } from '@/components/ui/input'
[7m [0m [91m                      ~~~~~~~~~~~~~~~~~~~~~~~[0m

[96m../../apps/web/src/components/studio/settings-panel.tsx[0m:[93m10[0m:[93m23[0m - [91merror[0m[90m TS2307: [0mCannot find module '@/components/ui/label' or its corresponding type declarations.

[7m10[0m import { Label } from '@/components/ui/label'
[7m  [0m [91m                      ~~~~~~~~~~~~~~~~~~~~~~~[0m

[96m../../apps/web/src/components/studio/settings-panel.tsx[0m:[93m11[0m:[93m26[0m - [91merror[0m[90m TS2307: [0mCannot find module '@/components/ui/textarea' or its corresponding type declarations.

[7m11[0m import { Textarea } from '@/components/ui/textarea'
[7m  [0m [91m                         ~~~~~~~~~~~~~~~~~~~~~~~~~~[0m

[96m../../apps/web/src/components/studio/settings-panel.tsx[0m:[93m12[0m:[93m27[0m - [91merror[0m[90m TS2307: [0mCannot find module '@/components/ui/separator' or its corresponding type declarations.

[7m12[0m import { Separator } from '@/components/ui/separator'
[7m  [0m [91m                          ~~~~~~~~~~~~~~~~~~~~~~~~~~~[0m

[96m../../apps/web/src/components/studio/settings-panel.tsx[0m:[93m170[0m:[93m38[0m - [91merror[0m[90m TS7006: [0mParameter 'e' implicitly has an 'any' type.

[7m170[0m                           onChange={(e) => handleSettingChange('general', 'workspaceName', e.target.value)}
[7m   [0m [91m                                     ~[0m

[96m../../apps/web/src/components/studio/settings-panel.tsx[0m:[93m178[0m:[93m38[0m - [91merror[0m[90m TS7006: [0mParameter 'e' implicitly has an 'any' type.

[7m178[0m                           onChange={(e) => handleSettingChange('general', 'description', e.target.value)}
[7m   [0m [91m                                     ~[0m

[96m../../apps/web/src/components/studio/settings-panel.tsx[0m:[93m258[0m:[93m40[0m - [91merror[0m[90m TS7006: [0mParameter 'e' implicitly has an 'any' type.

[7m258[0m                             onChange={(e) => handleSettingChange('models', 'openaiApiKey', e.target.value)}
[7m   [0m [91m                                       ~[0m

[96m../../apps/web/src/components/studio/settings-panel.tsx[0m:[93m276[0m:[93m38[0m - [91merror[0m[90m TS7006: [0mParameter 'e' implicitly has an 'any' type.

[7m276[0m                           onChange={(e) => handleSettingChange('models', 'anthropicApiKey', e.target.value)}
[7m   [0m [91m                                     ~[0m

[96m../../apps/web/src/components/studio/settings-panel.tsx[0m:[93m286[0m:[93m38[0m - [91merror[0m[90m TS7006: [0mParameter 'e' implicitly has an 'any' type.

[7m286[0m                           onChange={(e) => handleSettingChange('models', 'cohereApiKey', e.target.value)}
[7m   [0m [91m                                     ~[0m

[96m../../apps/web/src/components/studio/settings-panel.tsx[0m:[93m340[0m:[93m40[0m - [91merror[0m[90m TS7006: [0mParameter 'e' implicitly has an 'any' type.

[7m340[0m                             onChange={(e) => handleSettingChange('models', 'defaultTemperature', parseFloat(e.target.value))}
[7m   [0m [91m                                       ~[0m

[96m../../apps/web/src/components/studio/settings-panel.tsx[0m:[93m349[0m:[93m40[0m - [91merror[0m[90m TS7006: [0mParameter 'e' implicitly has an 'any' type.

[7m349[0m                             onChange={(e) => handleSettingChange('models', 'defaultMaxTokens', parseInt(e.target.value))}
[7m   [0m [91m                                       ~[0m

[96m../../apps/web/src/components/studio/settings-panel.tsx[0m:[93m412[0m:[93m38[0m - [91merror[0m[90m TS7006: [0mParameter 'e' implicitly has an 'any' type.

[7m412[0m                           onChange={(e) => handleSettingChange('deployment', 'cacheTimeout', parseInt(e.target.value))}
[7m   [0m [91m                                     ~[0m

[96m../../apps/web/src/components/studio/settings-panel.tsx[0m:[93m429[0m:[93m38[0m - [91merror[0m[90m TS7006: [0mParameter 'e' implicitly has an 'any' type.

[7m429[0m                           onChange={(e) => handleSettingChange('deployment', 'rateLimitPerMinute', parseInt(e.target.value))}
[7m   [0m [91m                                     ~[0m

[96m../../apps/web/src/components/studio/settings-panel.tsx[0m:[93m522[0m:[93m36[0m - [91merror[0m[90m TS7006: [0mParameter 'e' implicitly has an 'any' type.

[7m522[0m                         onChange={(e) => handleSettingChange('notifications', 'slackWebhook', e.target.value)}
[7m   [0m [91m                                   ~[0m

[96m../../apps/web/src/components/studio/settings-panel.tsx[0m:[93m563[0m:[93m38[0m - [91merror[0m[90m TS7006: [0mParameter 'e' implicitly has an 'any' type.

[7m563[0m                           onChange={(e) => handleSettingChange('security', 'sessionTimeout', parseInt(e.target.value))}
[7m   [0m [91m                                     ~[0m

[96m../../apps/web/src/components/studio/settings-panel.tsx[0m:[93m586[0m:[93m38[0m - [91merror[0m[90m TS7006: [0mParameter 'e' implicitly has an 'any' type.

[7m586[0m                           onChange={(e) => handleSettingChange('security', 'ipWhitelist', e.target.value)}
[7m   [0m [91m                                     ~[0m

[96m../../apps/web/src/components/studio/studio-interface.tsx[0m:[93m4[0m:[93m58[0m - [91merror[0m[90m TS2307: [0mCannot find module '@/components/ui/tabs' or its corresponding type declarations.

[7m4[0m import { Tabs, TabsContent, TabsList, TabsTrigger } from '@/components/ui/tabs'
[7m [0m [91m                                                         ~~~~~~~~~~~~~~~~~~~~~~[0m

[96m../../apps/web/src/components/studio/studio-interface.tsx[0m:[93m5[0m:[93m58[0m - [91merror[0m[90m TS2307: [0mCannot find module '@/components/ui/card' or its corresponding type declarations.

[7m5[0m import { Card, CardContent, CardHeader, CardTitle } from '@/components/ui/card'
[7m [0m [91m                                                         ~~~~~~~~~~~~~~~~~~~~~~[0m

[96m../../apps/web/src/components/studio/studio-interface.tsx[0m:[93m6[0m:[93m24[0m - [91merror[0m[90m TS2307: [0mCannot find module '@/components/ui/button' or its corresponding type declarations.

[7m6[0m import { Button } from '@/components/ui/button'
[7m [0m [91m                       ~~~~~~~~~~~~~~~~~~~~~~~~[0m

[96m../../apps/web/src/components/studio/studio-interface.tsx[0m:[93m7[0m:[93m23[0m - [91merror[0m[90m TS2307: [0mCannot find module '@/components/ui/badge' or its corresponding type declarations.

[7m7[0m import { Badge } from '@/components/ui/badge'
[7m [0m [91m                      ~~~~~~~~~~~~~~~~~~~~~~~[0m

[96m../../apps/web/src/components/studio/studio-interface.tsx[0m:[93m8[0m:[93m27[0m - [91merror[0m[90m TS2307: [0mCannot find module '@/components/ui/separator' or its corresponding type declarations.

[7m8[0m import { Separator } from '@/components/ui/separator'
[7m [0m [91m                          ~~~~~~~~~~~~~~~~~~~~~~~~~~~[0m

[96m../../apps/web/src/components/studio/studio-interface.tsx[0m:[93m35[0m:[93m30[0m - [91merror[0m[90m TS2307: [0mCannot find module '@/store/flow-store' or its corresponding type declarations.

[7m35[0m import { useFlowStore } from '@/store/flow-store'
[7m  [0m [91m                             ~~~~~~~~~~~~~~~~~~~~[0m

[96m../../apps/web/src/components/studio/studio-interface.tsx[0m:[93m36[0m:[93m30[0m - [91merror[0m[90m TS2307: [0mCannot find module '@/hooks/use-workspace' or its corresponding type declarations.

[7m36[0m import { useWorkspace } from '@/hooks/use-workspace'
[7m  [0m [91m                             ~~~~~~~~~~~~~~~~~~~~~~~[0m

[96m../../apps/web/src/components/studio/test-runner.tsx[0m:[93m4[0m:[93m58[0m - [91merror[0m[90m TS2307: [0mCannot find module '@/components/ui/card' or its corresponding type declarations.

[7m4[0m import { Card, CardContent, CardHeader, CardTitle } from '@/components/ui/card'
[7m [0m [91m                                                         ~~~~~~~~~~~~~~~~~~~~~~[0m

[96m../../apps/web/src/components/studio/test-runner.tsx[0m:[93m5[0m:[93m24[0m - [91merror[0m[90m TS2307: [0mCannot find module '@/components/ui/button' or its corresponding type declarations.

[7m5[0m import { Button } from '@/components/ui/button'
[7m [0m [91m                       ~~~~~~~~~~~~~~~~~~~~~~~~[0m

[96m../../apps/web/src/components/studio/test-runner.tsx[0m:[93m6[0m:[93m23[0m - [91merror[0m[90m TS2307: [0mCannot find module '@/components/ui/badge' or its corresponding type declarations.

[7m6[0m import { Badge } from '@/components/ui/badge'
[7m [0m [91m                      ~~~~~~~~~~~~~~~~~~~~~~~[0m

[96m../../apps/web/src/components/studio/test-runner.tsx[0m:[93m7[0m:[93m58[0m - [91merror[0m[90m TS2307: [0mCannot find module '@/components/ui/tabs' or its corresponding type declarations.

[7m7[0m import { Tabs, TabsContent, TabsList, TabsTrigger } from '@/components/ui/tabs'
[7m [0m [91m                                                         ~~~~~~~~~~~~~~~~~~~~~~[0m

[96m../../apps/web/src/components/studio/test-runner.tsx[0m:[93m8[0m:[93m28[0m - [91merror[0m[90m TS2307: [0mCannot find module '@/components/ui/scroll-area' or its corresponding type declarations.

[7m8[0m import { ScrollArea } from '@/components/ui/scroll-area'
[7m [0m [91m                           ~~~~~~~~~~~~~~~~~~~~~~~~~~~~~[0m

[96m../../apps/web/src/components/studio/test-runner.tsx[0m:[93m9[0m:[93m26[0m - [91merror[0m[90m TS2307: [0mCannot find module '@/components/ui/textarea' or its corresponding type declarations.

[7m9[0m import { Textarea } from '@/components/ui/textarea'
[7m [0m [91m                         ~~~~~~~~~~~~~~~~~~~~~~~~~~[0m

[96m../../apps/web/src/components/studio/test-runner.tsx[0m:[93m10[0m:[93m23[0m - [91merror[0m[90m TS2307: [0mCannot find module '@/components/ui/label' or its corresponding type declarations.

[7m10[0m import { Label } from '@/components/ui/label'
[7m  [0m [91m                      ~~~~~~~~~~~~~~~~~~~~~~~[0m

[96m../../apps/web/src/components/studio/test-runner.tsx[0m:[93m11[0m:[93m23[0m - [91merror[0m[90m TS2307: [0mCannot find module '@/components/ui/input' or its corresponding type declarations.

[7m11[0m import { Input } from '@/components/ui/input'
[7m  [0m [91m                      ~~~~~~~~~~~~~~~~~~~~~~~[0m

[96m../../apps/web/src/components/studio/test-runner.tsx[0m:[93m12[0m:[93m27[0m - [91merror[0m[90m TS2307: [0mCannot find module '@/components/ui/separator' or its corresponding type declarations.

[7m12[0m import { Separator } from '@/components/ui/separator'
[7m  [0m [91m                          ~~~~~~~~~~~~~~~~~~~~~~~~~~~[0m

[96m../../apps/web/src/components/studio/test-runner.tsx[0m:[93m259[0m:[93m43[0m - [91merror[0m[90m TS7006: [0mParameter 'e' implicitly has an 'any' type.

[7m259[0m                                 onClick={(e) => {
[7m   [0m [91m                                          ~[0m

[96m../../apps/web/src/components/studio/tools-manager.tsx[0m:[93m4[0m:[93m58[0m - [91merror[0m[90m TS2307: [0mCannot find module '@/components/ui/card' or its corresponding type declarations.

[7m4[0m import { Card, CardContent, CardHeader, CardTitle } from '@/components/ui/card'
[7m [0m [91m                                                         ~~~~~~~~~~~~~~~~~~~~~~[0m

[96m../../apps/web/src/components/studio/tools-manager.tsx[0m:[93m5[0m:[93m24[0m - [91merror[0m[90m TS2307: [0mCannot find module '@/components/ui/button' or its corresponding type declarations.

[7m5[0m import { Button } from '@/components/ui/button'
[7m [0m [91m                       ~~~~~~~~~~~~~~~~~~~~~~~~[0m

[96m../../apps/web/src/components/studio/tools-manager.tsx[0m:[93m6[0m:[93m23[0m - [91merror[0m[90m TS2307: [0mCannot find module '@/components/ui/badge' or its corresponding type declarations.

[7m6[0m import { Badge } from '@/components/ui/badge'
[7m [0m [91m                      ~~~~~~~~~~~~~~~~~~~~~~~[0m

[96m../../apps/web/src/components/studio/tools-manager.tsx[0m:[93m7[0m:[93m58[0m - [91merror[0m[90m TS2307: [0mCannot find module '@/components/ui/tabs' or its corresponding type declarations.

[7m7[0m import { Tabs, TabsContent, TabsList, TabsTrigger } from '@/components/ui/tabs'
[7m [0m [91m                                                         ~~~~~~~~~~~~~~~~~~~~~~[0m

[96m../../apps/web/src/components/studio/tools-manager.tsx[0m:[93m8[0m:[93m28[0m - [91merror[0m[90m TS2307: [0mCannot find module '@/components/ui/scroll-area' or its corresponding type declarations.

[7m8[0m import { ScrollArea } from '@/components/ui/scroll-area'
[7m [0m [91m                           ~~~~~~~~~~~~~~~~~~~~~~~~~~~~~[0m

[96m../../apps/web/src/components/studio/tools-manager.tsx[0m:[93m9[0m:[93m23[0m - [91merror[0m[90m TS2307: [0mCannot find module '@/components/ui/input' or its corresponding type declarations.

[7m9[0m import { Input } from '@/components/ui/input'
[7m [0m [91m                      ~~~~~~~~~~~~~~~~~~~~~~~[0m

[96m../../apps/web/src/components/studio/tools-manager.tsx[0m:[93m10[0m:[93m23[0m - [91merror[0m[90m TS2307: [0mCannot find module '@/components/ui/label' or its corresponding type declarations.

[7m10[0m import { Label } from '@/components/ui/label'
[7m  [0m [91m                      ~~~~~~~~~~~~~~~~~~~~~~~[0m

[96m../../apps/web/src/components/studio/tools-manager.tsx[0m:[93m11[0m:[93m26[0m - [91merror[0m[90m TS2307: [0mCannot find module '@/components/ui/textarea' or its corresponding type declarations.

[7m11[0m import { Textarea } from '@/components/ui/textarea'
[7m  [0m [91m                         ~~~~~~~~~~~~~~~~~~~~~~~~~~[0m

[96m../../apps/web/src/components/studio/tools-manager.tsx[0m:[93m12[0m:[93m27[0m - [91merror[0m[90m TS2307: [0mCannot find module '@/components/ui/separator' or its corresponding type declarations.

[7m12[0m import { Separator } from '@/components/ui/separator'
[7m  [0m [91m                          ~~~~~~~~~~~~~~~~~~~~~~~~~~~[0m

[96m../../apps/web/src/components/studio/tools-manager.tsx[0m:[93m422[0m:[93m30[0m - [91merror[0m[90m TS7006: [0mParameter 'e' implicitly has an 'any' type.

[7m422[0m                   onChange={(e) => setSearchQuery(e.target.value)}
[7m   [0m [91m                             ~[0m

[96m../../apps/web/src/components/ui/badge.tsx[0m:[93m4[0m:[93m20[0m - [91merror[0m[90m TS2307: [0mCannot find module '@/lib/utils' or its corresponding type declarations.

[7m4[0m import { cn } from "@/lib/utils"
[7m [0m [91m                   ~~~~~~~~~~~~~[0m

[96m../../apps/web/src/components/ui/button.tsx[0m:[93m5[0m:[93m20[0m - [91merror[0m[90m TS2307: [0mCannot find module '@/lib/utils' or its corresponding type declarations.

[7m5[0m import { cn } from "@/lib/utils"
[7m [0m [91m                   ~~~~~~~~~~~~~[0m

[96m../../apps/web/src/components/ui/card.tsx[0m:[93m3[0m:[93m20[0m - [91merror[0m[90m TS2307: [0mCannot find module '@/lib/utils' or its corresponding type declarations.

[7m3[0m import { cn } from "@/lib/utils"
[7m [0m [91m                   ~~~~~~~~~~~~~[0m

[96m../../apps/web/src/components/ui/input.tsx[0m:[93m3[0m:[93m20[0m - [91merror[0m[90m TS2307: [0mCannot find module '@/lib/utils' or its corresponding type declarations.

[7m3[0m import { cn } from "@/lib/utils"
[7m [0m [91m                   ~~~~~~~~~~~~~[0m

[96m../../apps/web/src/components/ui/label.tsx[0m:[93m7[0m:[93m20[0m - [91merror[0m[90m TS2307: [0mCannot find module '@/lib/utils' or its corresponding type declarations.

[7m7[0m import { cn } from "@/lib/utils"
[7m [0m [91m                   ~~~~~~~~~~~~~[0m

[96m../../apps/web/src/components/ui/progress.tsx[0m:[93m6[0m:[93m20[0m - [91merror[0m[90m TS2307: [0mCannot find module '@/lib/utils' or its corresponding type declarations.

[7m6[0m import { cn } from "@/lib/utils"
[7m [0m [91m                   ~~~~~~~~~~~~~[0m

[96m../../apps/web/src/components/ui/scroll-area.tsx[0m:[93m6[0m:[93m20[0m - [91merror[0m[90m TS2307: [0mCannot find module '@/lib/utils' or its corresponding type declarations.

[7m6[0m import { cn } from "@/lib/utils"
[7m [0m [91m                   ~~~~~~~~~~~~~[0m

[96m../../apps/web/src/components/ui/select.tsx[0m:[93m7[0m:[93m20[0m - [91merror[0m[90m TS2307: [0mCannot find module '@/lib/utils' or its corresponding type declarations.

[7m7[0m import { cn } from "@/lib/utils"
[7m [0m [91m                   ~~~~~~~~~~~~~[0m

[96m../../apps/web/src/components/ui/separator.tsx[0m:[93m6[0m:[93m20[0m - [91merror[0m[90m TS2307: [0mCannot find module '@/lib/utils' or its corresponding type declarations.

[7m6[0m import { cn } from "@/lib/utils"
[7m [0m [91m                   ~~~~~~~~~~~~~[0m

[96m../../apps/web/src/components/ui/tabs.tsx[0m:[93m6[0m:[93m20[0m - [91merror[0m[90m TS2307: [0mCannot find module '@/lib/utils' or its corresponding type declarations.

[7m6[0m import { cn } from "@/lib/utils"
[7m [0m [91m                   ~~~~~~~~~~~~~[0m

[96m../../apps/web/src/components/ui/textarea.tsx[0m:[93m3[0m:[93m20[0m - [91merror[0m[90m TS2307: [0mCannot find module '@/lib/utils' or its corresponding type declarations.

[7m3[0m import { cn } from "@/lib/utils"
[7m [0m [91m                   ~~~~~~~~~~~~~[0m

[96m../../apps/web/src/components/ui/toast.tsx[0m:[93m8[0m:[93m20[0m - [91merror[0m[90m TS2307: [0mCannot find module '@/lib/utils' or its corresponding type declarations.

[7m8[0m import { cn } from "@/lib/utils"
[7m [0m [91m                   ~~~~~~~~~~~~~[0m

[96m../../apps/web/src/components/workflows/workflow-list.tsx[0m:[93m1[0m:[93m90[0m - [91merror[0m[90m TS2307: [0mCannot find module '@/components/ui' or its corresponding type declarations.

[7m1[0m import { Card, CardContent, CardDescription, CardHeader, CardTitle, Badge, Button } from '@/components/ui'
[7m [0m [91m                                                                                         ~~~~~~~~~~~~~~~~~[0m

[96m../../apps/web/src/hooks/use-integrations.ts[0m:[93m2[0m:[93m50[0m - [91merror[0m[90m TS2307: [0mCannot find module '@/types/integrations' or its corresponding type declarations.

[7m2[0m import { IntegrationConfig, ModelProvider } from '@/types/integrations'
[7m [0m [91m                                                 ~~~~~~~~~~~~~~~~~~~~~~[0m

[96m../../apps/web/src/store/flow-store.ts[0m:[93m95[0m:[93m29[0m - [91merror[0m[90m TS2554: [0mExpected 1 arguments, but got 0.

[7m95[0m export const useFlowStore = create<FlowState>()()
[7m  [0m [91m                            ~~~~~~~~~~~~~~~~~~~[0m

  [96m../../node_modules/zustand/react.d.ts[0m:[93m27[0m:[93m67[0m
    [7m27[0m     <T>(): <Mos extends [StoreMutatorIdentifier, unknown][] = []>(initializer: StateCreator<T, [], Mos>) => UseBoundStore<Mutate<StoreApi<T>, Mos>>;
    [7m  [0m [96m                                                                  ~~~~~~~~~~~~~~~~~~~~~~~~~~~~~~~~~~~~~[0m
    An argument for 'initializer' was not provided.

[96m../../apps/web/src/store/flow-store.ts[0m:[93m101[0m:[93m23[0m - [91merror[0m[90m TS7006: [0mParameter 'workflow' implicitly has an 'any' type.

[7m101[0m         setWorkflow: (workflow) => {
[7m   [0m [91m                      ~~~~~~~~[0m

[96m../../apps/web/src/store/flow-store.ts[0m:[93m111[0m:[93m32[0m - [91merror[0m[90m TS7006: [0mParameter 'id' implicitly has an 'any' type.

[7m111[0m         updateWorkflow: async (id, updates) => {
[7m   [0m [91m                               ~~[0m

[96m../../apps/web/src/store/flow-store.ts[0m:[93m111[0m:[93m36[0m - [91merror[0m[90m TS7006: [0mParameter 'updates' implicitly has an 'any' type.

[7m111[0m         updateWorkflow: async (id, updates) => {
[7m   [0m [91m                                   ~~~~~~~[0m

[96m../../apps/web/src/store/flow-store.ts[0m:[93m141[0m:[93m17[0m - [91merror[0m[90m TS7006: [0mParameter 'state' implicitly has an 'any' type.

[7m141[0m             set(state => ({
[7m   [0m [91m                ~~~~~[0m

[96m../../apps/web/src/store/flow-store.ts[0m:[93m143[0m:[93m46[0m - [91merror[0m[90m TS7006: [0mParameter 'w' implicitly has an 'any' type.

[7m143[0m               workflows: state.workflows.map(w => w.id === id ? updatedWorkflow : w),
[7m   [0m [91m                                             ~[0m

[96m../../apps/web/src/store/flow-store.ts[0m:[93m154[0m:[93m32[0m - [91merror[0m[90m TS7006: [0mParameter 'data' implicitly has an 'any' type.

[7m154[0m         createWorkflow: async (data) => {
[7m   [0m [91m                               ~~~~[0m

[96m../../apps/web/src/store/flow-store.ts[0m:[93m184[0m:[93m17[0m - [91merror[0m[90m TS7006: [0mParameter 'state' implicitly has an 'any' type.

[7m184[0m             set(state => ({
[7m   [0m [91m                ~~~~~[0m

[96m../../apps/web/src/store/flow-store.ts[0m:[93m198[0m:[93m32[0m - [91merror[0m[90m TS7006: [0mParameter 'id' implicitly has an 'any' type.

[7m198[0m         deleteWorkflow: async (id) => {
[7m   [0m [91m                               ~~[0m

[96m../../apps/web/src/store/flow-store.ts[0m:[93m217[0m:[93m17[0m - [91merror[0m[90m TS7006: [0mParameter 'state' implicitly has an 'any' type.

[7m217[0m             set(state => ({
[7m   [0m [91m                ~~~~~[0m

[96m../../apps/web/src/store/flow-store.ts[0m:[93m218[0m:[93m49[0m - [91merror[0m[90m TS7006: [0mParameter 'w' implicitly has an 'any' type.

[7m218[0m               workflows: state.workflows.filter(w => w.id !== id),
[7m   [0m [91m                                                ~[0m

[96m../../apps/web/src/store/flow-store.ts[0m:[93m228[0m:[93m35[0m - [91merror[0m[90m TS7006: [0mParameter 'id' implicitly has an 'any' type.

[7m228[0m         duplicateWorkflow: async (id) => {
[7m   [0m [91m                                  ~~[0m

[96m../../apps/web/src/store/flow-store.ts[0m:[93m229[0m:[93m28[0m - [91merror[0m[90m TS2571: [0mObject is of type 'unknown'.

[7m229[0m           const original = get().workflows.find(w => w.id === id)
[7m   [0m [91m                           ~~~~~[0m

[96m../../apps/web/src/store/flow-store.ts[0m:[93m229[0m:[93m49[0m - [91merror[0m[90m TS7006: [0mParameter 'w' implicitly has an 'any' type.

[7m229[0m           const original = get().workflows.find(w => w.id === id)
[7m   [0m [91m                                                ~[0m

[96m../../apps/web/src/store/flow-store.ts[0m:[93m232[0m:[93m18[0m - [91merror[0m[90m TS2571: [0mObject is of type 'unknown'.

[7m232[0m           return get().createWorkflow({
[7m   [0m [91m                 ~~~~~[0m

[96m../../apps/web/src/store/flow-store.ts[0m:[93m240[0m:[93m33[0m - [91merror[0m[90m TS7006: [0mParameter 'id' implicitly has an 'any' type.

[7m240[0m         publishWorkflow: async (id) => {
[7m   [0m [91m                                ~~[0m

[96m../../apps/web/src/store/flow-store.ts[0m:[93m241[0m:[93m17[0m - [91merror[0m[90m TS2571: [0mObject is of type 'unknown'.

[7m241[0m           await get().updateWorkflow(id, { status: 'published', publishedAt: new Date() })
[7m   [0m [91m                ~~~~~[0m

[96m../../apps/web/src/store/flow-store.ts[0m:[93m244[0m:[93m20[0m - [91merror[0m[90m TS7006: [0mParameter 'nodes' implicitly has an 'any' type.

[7m244[0m         setNodes: (nodes) => {
[7m   [0m [91m                   ~~~~~[0m

[96m../../apps/web/src/store/flow-store.ts[0m:[93m248[0m:[93m20[0m - [91merror[0m[90m TS7006: [0mParameter 'edges' implicitly has an 'any' type.

[7m248[0m         setEdges: (edges) => {
[7m   [0m [91m                   ~~~~~[0m

[96m../../apps/web/src/store/flow-store.ts[0m:[93m252[0m:[93m19[0m - [91merror[0m[90m TS7006: [0mParameter 'node' implicitly has an 'any' type.

[7m252[0m         addNode: (node) => {
[7m   [0m [91m                  ~~~~[0m

[96m../../apps/web/src/store/flow-store.ts[0m:[93m253[0m:[93m15[0m - [91merror[0m[90m TS7006: [0mParameter 'state' implicitly has an 'any' type.

[7m253[0m           set(state => ({
[7m   [0m [91m              ~~~~~[0m

[96m../../apps/web/src/store/flow-store.ts[0m:[93m259[0m:[93m22[0m - [91merror[0m[90m TS7006: [0mParameter 'id' implicitly has an 'any' type.

[7m259[0m         updateNode: (id, updates) => {
[7m   [0m [91m                     ~~[0m

[96m../../apps/web/src/store/flow-store.ts[0m:[93m259[0m:[93m26[0m - [91merror[0m[90m TS7006: [0mParameter 'updates' implicitly has an 'any' type.

[7m259[0m         updateNode: (id, updates) => {
[7m   [0m [91m                         ~~~~~~~[0m

[96m../../apps/web/src/store/flow-store.ts[0m:[93m260[0m:[93m15[0m - [91merror[0m[90m TS7006: [0mParameter 'state' implicitly has an 'any' type.

[7m260[0m           set(state => ({
[7m   [0m [91m              ~~~~~[0m

[96m../../apps/web/src/store/flow-store.ts[0m:[93m261[0m:[93m36[0m - [91merror[0m[90m TS7006: [0mParameter 'node' implicitly has an 'any' type.

[7m261[0m             nodes: state.nodes.map(node =>
[7m   [0m [91m                                   ~~~~[0m

[96m../../apps/web/src/store/flow-store.ts[0m:[93m268[0m:[93m22[0m - [91merror[0m[90m TS7006: [0mParameter 'id' implicitly has an 'any' type.

[7m268[0m         deleteNode: (id) => {
[7m   [0m [91m                     ~~[0m

[96m../../apps/web/src/store/flow-store.ts[0m:[93m269[0m:[93m15[0m - [91merror[0m[90m TS7006: [0mParameter 'state' implicitly has an 'any' type.

[7m269[0m           set(state => ({
[7m   [0m [91m              ~~~~~[0m

[96m../../apps/web/src/store/flow-store.ts[0m:[93m270[0m:[93m39[0m - [91merror[0m[90m TS7006: [0mParameter 'node' implicitly has an 'any' type.

[7m270[0m             nodes: state.nodes.filter(node => node.id !== id),
[7m   [0m [91m                                      ~~~~[0m

[96m../../apps/web/src/store/flow-store.ts[0m:[93m271[0m:[93m39[0m - [91merror[0m[90m TS7006: [0mParameter 'edge' implicitly has an 'any' type.

[7m271[0m             edges: state.edges.filter(edge =>
[7m   [0m [91m                                      ~~~~[0m

[96m../../apps/web/src/store/flow-store.ts[0m:[93m279[0m:[93m22[0m - [91merror[0m[90m TS7006: [0mParameter 'node' implicitly has an 'any' type.

[7m279[0m         selectNode: (node) => {
[7m   [0m [91m                     ~~~~[0m

[96m../../apps/web/src/store/flow-store.ts[0m:[93m283[0m:[93m23[0m - [91merror[0m[90m TS7006: [0mParameter 'viewport' implicitly has an 'any' type.

[7m283[0m         setViewport: (viewport) => {
[7m   [0m [91m                      ~~~~~~~~[0m

[96m../../apps/web/src/store/flow-store.ts[0m:[93m289[0m:[93m16[0m - [91merror[0m[90m TS18046: [0m'state' is of type 'unknown'.

[7m289[0m           if (!state.workflow || !state.isDirty) return
[7m   [0m [91m               ~~~~~[0m

[96m../../apps/web/src/store/flow-store.ts[0m:[93m289[0m:[93m35[0m - [91merror[0m[90m TS18046: [0m'state' is of type 'unknown'.

[7m289[0m           if (!state.workflow || !state.isDirty) return
[7m   [0m [91m                                  ~~~~~[0m

[96m../../apps/web/src/store/flow-store.ts[0m:[93m291[0m:[93m17[0m - [91merror[0m[90m TS18046: [0m'state' is of type 'unknown'.

[7m291[0m           await state.updateWorkflow(state.workflow.id, {
[7m   [0m [91m                ~~~~~[0m

[96m../../apps/web/src/store/flow-store.ts[0m:[93m291[0m:[93m38[0m - [91merror[0m[90m TS18046: [0m'state' is of type 'unknown'.

[7m291[0m           await state.updateWorkflow(state.workflow.id, {
[7m   [0m [91m                                     ~~~~~[0m

[96m../../apps/web/src/store/flow-store.ts[0m:[93m293[0m:[93m22[0m - [91merror[0m[90m TS18046: [0m'state' is of type 'unknown'.

[7m293[0m               nodes: state.nodes,
[7m   [0m [91m                     ~~~~~[0m

[96m../../apps/web/src/store/flow-store.ts[0m:[93m294[0m:[93m22[0m - [91merror[0m[90m TS18046: [0m'state' is of type 'unknown'.

[7m294[0m               edges: state.edges,
[7m   [0m [91m                     ~~~~~[0m

[96m../../apps/web/src/store/flow-store.ts[0m:[93m295[0m:[93m25[0m - [91merror[0m[90m TS18046: [0m'state' is of type 'unknown'.

[7m295[0m               viewport: state.viewport
[7m   [0m [91m                        ~~~~~[0m

[96m../../apps/web/src/store/flow-store.ts[0m:[93m300[0m:[93m30[0m - [91merror[0m[90m TS7006: [0mParameter 'id' implicitly has an 'any' type.

[7m300[0m         loadWorkflow: async (id) => {
[7m   [0m [91m                             ~~[0m

[96m../../apps/web/src/store/flow-store.ts[0m:[93m332[0m:[93m13[0m - [91merror[0m[90m TS2571: [0mObject is of type 'unknown'.

[7m332[0m             get().setWorkflow(workflow)
[7m   [0m [91m            ~~~~~[0m

[96m../../apps/web/src/store/flow-store.ts[0m:[93m340[0m:[93m32[0m - [91merror[0m[90m TS7006: [0mParameter 'id' implicitly has an 'any' type.

[7m340[0m         exportWorkflow: async (id) => {
[7m   [0m [91m                               ~~[0m

[96m../../apps/web/src/store/flow-store.ts[0m:[93m341[0m:[93m28[0m - [91merror[0m[90m TS2571: [0mObject is of type 'unknown'.

[7m341[0m           const workflow = get().workflows.find(w => w.id === id)
[7m   [0m [91m                           ~~~~~[0m

[96m../../apps/web/src/store/flow-store.ts[0m:[93m341[0m:[93m49[0m - [91merror[0m[90m TS7006: [0mParameter 'w' implicitly has an 'any' type.

[7m341[0m           const workflow = get().workflows.find(w => w.id === id)
[7m   [0m [91m                                                ~[0m

[96m../../apps/web/src/store/flow-store.ts[0m:[93m351[0m:[93m32[0m - [91merror[0m[90m TS7006: [0mParameter 'data' implicitly has an 'any' type.

[7m351[0m         importWorkflow: async (data) => {
[7m   [0m [91m                               ~~~~[0m

[96m../../apps/web/src/store/flow-store.ts[0m:[93m356[0m:[93m20[0m - [91merror[0m[90m TS2571: [0mObject is of type 'unknown'.

[7m356[0m             return get().createWorkflow({
[7m   [0m [91m                   ~~~~~[0m

[96m../../apps/web/src/store/flow-store.ts[0m:[93m366[0m:[93m33[0m - [91merror[0m[90m TS7006: [0mParameter 'id' implicitly has an 'any' type.

[7m366[0m         executeWorkflow: async (id, input = {}) => {
[7m   [0m [91m                                ~~[0m

[96m../../apps/web/src/store/flow-store.ts[0m:[93m397[0m:[93m13[0m - [91merror[0m[90m TS2571: [0mObject is of type 'unknown'.

[7m397[0m             get().pollExecutionTrace(execution.id)
[7m   [0m [91m            ~~~~~[0m

[96m../../apps/web/src/store/flow-store.ts[0m:[93m403[0m:[93m31[0m - [91merror[0m[90m TS7006: [0mParameter 'executionId' implicitly has an 'any' type.

[7m403[0m         stopExecution: async (executionId) => {
[7m   [0m [91m                              ~~~~~~~~~~~[0m

[96m../../apps/web/src/store/flow-store.ts[0m:[93m427[0m:[93m35[0m - [91merror[0m[90m TS7006: [0mParameter 'executionId' implicitly has an 'any' type.

[7m427[0m         getExecutionTrace: async (executionId) => {
[7m   [0m [91m                                  ~~~~~~~~~~~[0m

[96m../../apps/web/src/store/flow-store.ts[0m:[93m472[0m:[93m18[0m - [91merror[0m[90m TS18046: [0m'state' is of type 'unknown'.

[7m472[0m             if (!state.isExecuting || state.executionId !== executionId) return
[7m   [0m [91m                 ~~~~~[0m

[96m../../apps/web/src/store/flow-store.ts[0m:[93m472[0m:[93m39[0m - [91merror[0m[90m TS18046: [0m'state' is of type 'unknown'.

[7m472[0m             if (!state.isExecuting || state.executionId !== executionId) return
[7m   [0m [91m                                      ~~~~~[0m

[96m../../apps/web/src/store/flow-store.ts[0m:[93m474[0m:[93m33[0m - [91merror[0m[90m TS18046: [0m'state' is of type 'unknown'.

[7m474[0m             const trace = await state.getExecutionTrace(executionId)
[7m   [0m [91m                                ~~~~~[0m

[96m../../apps/web/src/store/flow-store.ts[0m:[93m475[0m:[93m43[0m - [91merror[0m[90m TS7006: [0mParameter 'step' implicitly has an 'any' type.

[7m475[0m             const isComplete = trace.some(step =>
[7m   [0m [91m                                          ~~~~[0m

[96m../../apps/web/src/store/flow-store.ts[0m:[93m493[0m:[93m22[0m - [91merror[0m[90m TS7006: [0mParameter 'loading' implicitly has an 'any' type.

[7m493[0m         setLoading: (loading) => {
[7m   [0m [91m                     ~~~~~~~[0m

[96m../../apps/web/src/store/flow-store.ts[0m:[93m497[0m:[93m20[0m - [91merror[0m[90m TS7006: [0mParameter 'error' implicitly has an 'any' type.

[7m497[0m         setError: (error) => {
[7m   [0m [91m                   ~~~~~[0m

[96m../../apps/web/src/store/flow-store.ts[0m:[93m504[0m:[93m22[0m - [91merror[0m[90m TS18046: [0m'state' is of type 'unknown'.

[7m504[0m           workflows: state.workflows,
[7m   [0m [91m                     ~~~~~[0m

[96m../../apps/web/src/store/flow-store.ts[0m:[93m505[0m:[93m21[0m - [91merror[0m[90m TS18046: [0m'state' is of type 'unknown'.

[7m505[0m           viewport: state.viewport,
[7m   [0m [91m                    ~~~~~[0m

[96m../agents/src/agents/chat-agent.ts[0m:[93m30[0m:[93m54[0m - [91merror[0m[90m TS2554: [0mExpected 0 arguments, but got 1.

[7m30[0m     this.conversationMemory = new ConversationMemory({
[7m  [0m [91m                                                     ~[0m
[7m31[0m       retention: config.memoryRetention || 'session',
[7m  [0m [91m~~~~~~~~~~~~~~~~~~~~~~~~~~~~~~~~~~~~~~~~~~~~~~~~~~~~~[0m
[7m32[0m       maxMessages: 50
[7m  [0m [91m~~~~~~~~~~~~~~~~~~~~~[0m
[7m33[0m     })
[7m  [0m [91m~~~~~[0m

[96m../agents/src/agents/index.ts[0m:[93m5[0m:[93m15[0m - [91merror[0m[90m TS2307: [0mCannot find module './code-agent' or its corresponding type declarations.

[7m5[0m export * from './code-agent'
[7m [0m [91m              ~~~~~~~~~~~~~~[0m

[96m../agents/src/agents/index.ts[0m:[93m6[0m:[93m15[0m - [91merror[0m[90m TS2307: [0mCannot find module './analysis-agent' or its corresponding type declarations.

[7m6[0m export * from './analysis-agent'
[7m [0m [91m              ~~~~~~~~~~~~~~~~~~[0m

[96m../agents/src/agents/index.ts[0m:[93m7[0m:[93m15[0m - [91merror[0m[90m TS2307: [0mCannot find module './workflow-agent' or its corresponding type declarations.

[7m7[0m export * from './workflow-agent'
[7m [0m [91m              ~~~~~~~~~~~~~~~~~~[0m

[96m../agents/src/agents/index.ts[0m:[93m8[0m:[93m15[0m - [91merror[0m[90m TS2307: [0mCannot find module './research-agent' or its corresponding type declarations.

[7m8[0m export * from './research-agent'
[7m [0m [91m              ~~~~~~~~~~~~~~~~~~[0m

[96m../agents/src/agents/index.ts[0m:[93m9[0m:[93m15[0m - [91merror[0m[90m TS2307: [0mCannot find module './summarization-agent' or its corresponding type declarations.

[7m9[0m export * from './summarization-agent'
[7m [0m [91m              ~~~~~~~~~~~~~~~~~~~~~~~[0m

[96m../agents/src/agents/index.ts[0m:[93m10[0m:[93m15[0m - [91merror[0m[90m TS2307: [0mCannot find module './translation-agent' or its corresponding type declarations.

[7m10[0m export * from './translation-agent'
[7m  [0m [91m              ~~~~~~~~~~~~~~~~~~~~~[0m

[96m../agents/src/agents/index.ts[0m:[93m11[0m:[93m15[0m - [91merror[0m[90m TS2307: [0mCannot find module './sentiment-agent' or its corresponding type declarations.

[7m11[0m export * from './sentiment-agent'
[7m  [0m [91m              ~~~~~~~~~~~~~~~~~~~[0m

[96m../agents/src/agents/text-agent.ts[0m:[93m44[0m:[93m43[0m - [91merror[0m[90m TS2345: [0mArgument of type 'string | ModelConfig' is not assignable to parameter of type 'ModelConfig'.
  Type 'string' is not assignable to type 'ModelConfig'.

[7m44[0m     const response = await this.callModel(agent.model, prompt)
[7m  [0m [91m                                          ~~~~~~~~~~~[0m

[96m../agents/src/collaboration/index.ts[0m:[93m3[0m:[93m15[0m - [91merror[0m[90m TS2307: [0mCannot find module './communication' or its corresponding type declarations.

[7m3[0m export * from './communication'
[7m [0m [91m              ~~~~~~~~~~~~~~~~~[0m

[96m../agents/src/collaboration/index.ts[0m:[93m4[0m:[93m15[0m - [91merror[0m[90m TS2307: [0mCannot find module './shared-memory' or its corresponding type declarations.

[7m4[0m export * from './shared-memory'
[7m [0m [91m              ~~~~~~~~~~~~~~~~~[0m

[96m../agents/src/collaboration/index.ts[0m:[93m5[0m:[93m15[0m - [91merror[0m[90m TS2307: [0mCannot find module './task-distribution' or its corresponding type declarations.

[7m5[0m export * from './task-distribution'
[7m [0m [91m              ~~~~~~~~~~~~~~~~~~~~~[0m

[96m../agents/src/engine.ts[0m:[93m4[0m:[93m10[0m - [91merror[0m[90m TS2305: [0mModule '"./tools"' has no exported member 'ToolRegistry'.

[7m4[0m import { ToolRegistry } from './tools'
[7m [0m [91m         ~~~~~~~~~~~~[0m

[96m../agents/src/engine.ts[0m:[93m130[0m:[93m7[0m - [91merror[0m[90m TS2322: [0mType 'string | undefined' is not assignable to type 'string'.
  Type 'undefined' is not assignable to type 'string'.

[7m130[0m       description: config.description,
[7m   [0m [91m      ~~~~~~~~~~~[0m

  [96m../agents/src/types.ts[0m:[93m75[0m:[93m3[0m
    [7m75[0m   description: string
    [7m  [0m [96m  ~~~~~~~~~~~[0m
    The expected type comes from property 'description' which is declared here on type 'Agent'

[96m../agents/src/engine.ts[0m:[93m300[0m:[93m29[0m - [91merror[0m[90m TS2345: [0mArgument of type '{ name: string; description?: string | undefined; type: AgentType; model?: string | ModelConfig | undefined; systemPrompt: string; temperature?: number | undefined; ... 6 more ...; capabilities?: string[] | undefined; } | { ...; } | { ...; }' is not assignable to parameter of type 'AgentConfig'.
  Type '{ name: string; description?: string | undefined; type: AgentType; model?: string | ModelConfig | undefined; systemPrompt: string; temperature?: number | undefined; maxTokens?: number | undefined; ... 5 more ...; capabilities?: string[] | undefined; }' is not assignable to type 'AgentConfig'.
    Types of property 'model' are incompatible.
      Type 'string | ModelConfig | undefined' is not assignable to type 'string | ModelConfig'.
        Type 'undefined' is not assignable to type 'string | ModelConfig'.

[7m300[0m     return this.createAgent({
[7m   [0m [91m                            ~[0m
[7m301[0m       ...template,
[7m   [0m [91m~~~~~~~~~~~~~~~~~~[0m
[7m302[0m       ...config
[7m   [0m [91m~~~~~~~~~~~~~~~[0m
[7m303[0m     })
[7m   [0m [91m~~~~~[0m

[96m../agents/src/index.ts[0m:[93m4[0m:[93m15[0m - [91merror[0m[90m TS2307: [0mCannot find module './agent' or its corresponding type declarations.

[7m4[0m export * from './agent'
[7m [0m [91m              ~~~~~~~~~[0m

[96m../agents/src/index.ts[0m:[93m8[0m:[93m1[0m - [91merror[0m[90m TS2308: [0mModule './types' has already exported a member named 'AgentTemplate'. Consider explicitly re-exporting to resolve the ambiguity.

[7m8[0m export * from './templates'
[7m [0m [91m~~~~~~~~~~~~~~~~~~~~~~~~~~~[0m

[96m../agents/src/index.ts[0m:[93m8[0m:[93m1[0m - [91merror[0m[90m TS2308: [0mModule './types' has already exported a member named 'WorkflowConnection'. Consider explicitly re-exporting to resolve the ambiguity.

[7m8[0m export * from './templates'
[7m [0m [91m~~~~~~~~~~~~~~~~~~~~~~~~~~~[0m

[96m../agents/src/index.ts[0m:[93m8[0m:[93m1[0m - [91merror[0m[90m TS2308: [0mModule './types' has already exported a member named 'WorkflowNode'. Consider explicitly re-exporting to resolve the ambiguity.

[7m8[0m export * from './templates'
[7m [0m [91m~~~~~~~~~~~~~~~~~~~~~~~~~~~[0m

[96m../agents/src/index.ts[0m:[93m17[0m:[93m27[0m - [91merror[0m[90m TS2307: [0mCannot find module './agents/code-agent' or its corresponding type declarations.

[7m17[0m export { CodeAgent } from './agents/code-agent'
[7m  [0m [91m                          ~~~~~~~~~~~~~~~~~~~~~[0m

[96m../agents/src/index.ts[0m:[93m18[0m:[93m31[0m - [91merror[0m[90m TS2307: [0mCannot find module './agents/analysis-agent' or its corresponding type declarations.

[7m18[0m export { AnalysisAgent } from './agents/analysis-agent'
[7m  [0m [91m                              ~~~~~~~~~~~~~~~~~~~~~~~~~[0m

[96m../agents/src/index.ts[0m:[93m19[0m:[93m31[0m - [91merror[0m[90m TS2307: [0mCannot find module './agents/workflow-agent' or its corresponding type declarations.

[7m19[0m export { WorkflowAgent } from './agents/workflow-agent'
[7m  [0m [91m                              ~~~~~~~~~~~~~~~~~~~~~~~~~[0m

[96m../agents/src/index.ts[0m:[93m22[0m:[93m28[0m - [91merror[0m[90m TS2307: [0mCannot find module './tools/vector-tool' or its corresponding type declarations.

[7m22[0m export { VectorTool } from './tools/vector-tool'
[7m  [0m [91m                           ~~~~~~~~~~~~~~~~~~~~~[0m

[96m../agents/src/index.ts[0m:[93m23[0m:[93m31[0m - [91merror[0m[90m TS2307: [0mCannot find module './tools/web-search-tool' or its corresponding type declarations.

[7m23[0m export { WebSearchTool } from './tools/web-search-tool'
[7m  [0m [91m                              ~~~~~~~~~~~~~~~~~~~~~~~~~[0m

[96m../agents/src/index.ts[0m:[93m24[0m:[93m34[0m - [91merror[0m[90m TS2307: [0mCannot find module './tools/code-executor-tool' or its corresponding type declarations.

[7m24[0m export { CodeExecutorTool } from './tools/code-executor-tool'
[7m  [0m [91m                                 ~~~~~~~~~~~~~~~~~~~~~~~~~~~~[0m

[96m../agents/src/index.ts[0m:[93m25[0m:[93m30[0m - [91merror[0m[90m TS2307: [0mCannot find module './tools/database-tool' or its corresponding type declarations.

[7m25[0m export { DatabaseTool } from './tools/database-tool'
[7m  [0m [91m                             ~~~~~~~~~~~~~~~~~~~~~~~[0m

[96m../agents/src/index.ts[0m:[93m26[0m:[93m25[0m - [91merror[0m[90m TS2307: [0mCannot find module './tools/api-tool' or its corresponding type declarations.

[7m26[0m export { APITool } from './tools/api-tool'
[7m  [0m [91m                        ~~~~~~~~~~~~~~~~~~[0m

[96m../agents/src/index.ts[0m:[93m30[0m:[93m30[0m - [91merror[0m[90m TS2307: [0mCannot find module './memory/vector-memory' or its corresponding type declarations.

[7m30[0m export { VectorMemory } from './memory/vector-memory'
[7m  [0m [91m                             ~~~~~~~~~~~~~~~~~~~~~~~~[0m

[96m../agents/src/index.ts[0m:[93m31[0m:[93m31[0m - [91merror[0m[90m TS2307: [0mCannot find module './memory/context-memory' or its corresponding type declarations.

[7m31[0m export { ContextMemory } from './memory/context-memory'
[7m  [0m [91m                              ~~~~~~~~~~~~~~~~~~~~~~~~~[0m

[96m../agents/src/index.ts[0m:[93m34[0m:[93m38[0m - [91merror[0m[90m TS2307: [0mCannot find module './templates/customer-support' or its corresponding type declarations.

[7m34[0m export { CustomerSupportAgent } from './templates/customer-support'
[7m  [0m [91m                                     ~~~~~~~~~~~~~~~~~~~~~~~~~~~~~~[0m

[96m../agents/src/index.ts[0m:[93m35[0m:[93m35[0m - [91merror[0m[90m TS2307: [0mCannot find module './templates/data-analysis' or its corresponding type declarations.

[7m35[0m export { DataAnalysisAgent } from './templates/data-analysis'
[7m  [0m [91m                                  ~~~~~~~~~~~~~~~~~~~~~~~~~~~[0m

[96m../agents/src/index.ts[0m:[93m36[0m:[93m40[0m - [91merror[0m[90m TS2307: [0mCannot find module './templates/content-generation' or its corresponding type declarations.

[7m36[0m export { ContentGenerationAgent } from './templates/content-generation'
[7m  [0m [91m                                       ~~~~~~~~~~~~~~~~~~~~~~~~~~~~~~~~[0m

[96m../agents/src/index.ts[0m:[93m37[0m:[93m33[0m - [91merror[0m[90m TS2307: [0mCannot find module './templates/code-review' or its corresponding type declarations.

[7m37[0m export { CodeReviewAgent } from './templates/code-review'
[7m  [0m [91m                                ~~~~~~~~~~~~~~~~~~~~~~~~~[0m

[96m../agents/src/index.ts[0m:[93m38[0m:[93m31[0m - [91merror[0m[90m TS2307: [0mCannot find module './templates/research' or its corresponding type declarations.

[7m38[0m export { ResearchAgent } from './templates/research'
[7m  [0m [91m                              ~~~~~~~~~~~~~~~~~~~~~~[0m

[96m../agents/src/memory/index.ts[0m:[93m2[0m:[93m15[0m - [91merror[0m[90m TS2307: [0mCannot find module './vector-memory' or its corresponding type declarations.

[7m2[0m export * from './vector-memory'
[7m [0m [91m              ~~~~~~~~~~~~~~~~~[0m

[96m../agents/src/memory/index.ts[0m:[93m3[0m:[93m15[0m - [91merror[0m[90m TS2307: [0mCannot find module './context-memory' or its corresponding type declarations.

[7m3[0m export * from './context-memory'
[7m [0m [91m              ~~~~~~~~~~~~~~~~~~[0m

[96m../agents/src/memory/manager.ts[0m:[93m3[0m:[93m30[0m - [91merror[0m[90m TS2307: [0mCannot find module './vector-memory' or its corresponding type declarations.

[7m3[0m import { VectorMemory } from './vector-memory'
[7m [0m [91m                             ~~~~~~~~~~~~~~~~~[0m

[96m../agents/src/memory/manager.ts[0m:[93m4[0m:[93m31[0m - [91merror[0m[90m TS2307: [0mCannot find module './context-memory' or its corresponding type declarations.

[7m4[0m import { ContextMemory } from './context-memory'
[7m [0m [91m                              ~~~~~~~~~~~~~~~~~~[0m

[96m../agents/src/templates/advanced-workflow-templates.ts[0m:[93m269[0m:[93m9[0m - [91merror[0m[90m TS2353: [0mObject literal may only specify known properties, and 'name' does not exist in type 'WorkflowTrigger'.

[7m269[0m         name: 'Customer Email Webhook',
[7m   [0m [91m        ~~~~[0m

[96m../agents/src/templates/advanced-workflow-templates.ts[0m:[93m530[0m:[93m9[0m - [91merror[0m[90m TS2353: [0mObject literal may only specify known properties, and 'name' does not exist in type 'WorkflowTrigger'.

[7m530[0m         name: 'Content Brief Form',
[7m   [0m [91m        ~~~~[0m

[96m../agents/src/templates/agent-templates.ts[0m:[93m13[0m:[93m12[0m - [91merror[0m[90m TS2304: [0mCannot find name 'MemoryConfig'.

[7m13[0m   memory?: MemoryConfig
[7m  [0m [91m           ~~~~~~~~~~~~[0m

[96m../agents/src/templates/agent-templates.ts[0m:[93m14[0m:[93m12[0m - [91merror[0m[90m TS2304: [0mCannot find name 'AgentSpecificConfig'.

[7m14[0m   config?: AgentSpecificConfig
[7m  [0m [91m           ~~~~~~~~~~~~~~~~~~~[0m

[96m../agents/src/templates/agent-templates.ts[0m:[93m16[0m:[93m17[0m - [91merror[0m[90m TS2304: [0mCannot find name 'PersonalityConfig'.

[7m16[0m   personality?: PersonalityConfig
[7m  [0m [91m                ~~~~~~~~~~~~~~~~~[0m

[96m../agents/src/templates/industry-templates.ts[0m:[93m12[0m:[93m5[0m - [91merror[0m[90m TS2353: [0mObject literal may only specify known properties, and 'difficulty' does not exist in type 'AgentTemplate'.

[7m12[0m     difficulty: 'advanced',
[7m  [0m [91m    ~~~~~~~~~~[0m

[96m../agents/src/templates/industry-templates.ts[0m:[93m50[0m:[93m5[0m - [91merror[0m[90m TS2353: [0mObject literal may only specify known properties, and 'difficulty' does not exist in type 'AgentTemplate'.

[7m50[0m     difficulty: 'intermediate',
[7m  [0m [91m    ~~~~~~~~~~[0m

[96m../agents/src/templates/industry-templates.ts[0m:[93m89[0m:[93m5[0m - [91merror[0m[90m TS2353: [0mObject literal may only specify known properties, and 'difficulty' does not exist in type 'AgentTemplate'.

[7m89[0m     difficulty: 'advanced',
[7m  [0m [91m    ~~~~~~~~~~[0m

[96m../agents/src/templates/industry-templates.ts[0m:[93m127[0m:[93m5[0m - [91merror[0m[90m TS2353: [0mObject literal may only specify known properties, and 'difficulty' does not exist in type 'AgentTemplate'.

[7m127[0m     difficulty: 'intermediate',
[7m   [0m [91m    ~~~~~~~~~~[0m

[96m../agents/src/templates/industry-templates.ts[0m:[93m163[0m:[93m5[0m - [91merror[0m[90m TS2353: [0mObject literal may only specify known properties, and 'difficulty' does not exist in type 'AgentTemplate'.

[7m163[0m     difficulty: 'advanced',
[7m   [0m [91m    ~~~~~~~~~~[0m

[96m../agents/src/templates/industry-templates.ts[0m:[93m202[0m:[93m5[0m - [91merror[0m[90m TS2353: [0mObject literal may only specify known properties, and 'difficulty' does not exist in type 'AgentTemplate'.

[7m202[0m     difficulty: 'advanced',
[7m   [0m [91m    ~~~~~~~~~~[0m

[96m../agents/src/templates/industry-templates.ts[0m:[93m240[0m:[93m5[0m - [91merror[0m[90m TS2353: [0mObject literal may only specify known properties, and 'difficulty' does not exist in type 'AgentTemplate'.

[7m240[0m     difficulty: 'advanced',
[7m   [0m [91m    ~~~~~~~~~~[0m

[96m../agents/src/templates/industry-templates.ts[0m:[93m281[0m:[93m5[0m - [91merror[0m[90m TS2353: [0mObject literal may only specify known properties, and 'difficulty' does not exist in type 'AgentTemplate'.

[7m281[0m     difficulty: 'advanced',
[7m   [0m [91m    ~~~~~~~~~~[0m

[96m../agents/src/templates/industry-templates.ts[0m:[93m319[0m:[93m5[0m - [91merror[0m[90m TS2353: [0mObject literal may only specify known properties, and 'difficulty' does not exist in type 'AgentTemplate'.

[7m319[0m     difficulty: 'intermediate',
[7m   [0m [91m    ~~~~~~~~~~[0m

[96m../agents/src/templates/industry-templates.ts[0m:[93m358[0m:[93m5[0m - [91merror[0m[90m TS2353: [0mObject literal may only specify known properties, and 'difficulty' does not exist in type 'AgentTemplate'.

[7m358[0m     difficulty: 'advanced',
[7m   [0m [91m    ~~~~~~~~~~[0m

[96m../agents/src/templates/industry-templates.ts[0m:[93m394[0m:[93m5[0m - [91merror[0m[90m TS2353: [0mObject literal may only specify known properties, and 'difficulty' does not exist in type 'AgentTemplate'.

[7m394[0m     difficulty: 'intermediate',
[7m   [0m [91m    ~~~~~~~~~~[0m

[96m../agents/src/templates/industry-templates.ts[0m:[93m433[0m:[93m5[0m - [91merror[0m[90m TS2353: [0mObject literal may only specify known properties, and 'difficulty' does not exist in type 'AgentTemplate'.

[7m433[0m     difficulty: 'advanced',
[7m   [0m [91m    ~~~~~~~~~~[0m

[96m../agents/src/templates/industry-templates.ts[0m:[93m469[0m:[93m5[0m - [91merror[0m[90m TS2353: [0mObject literal may only specify known properties, and 'difficulty' does not exist in type 'AgentTemplate'.

[7m469[0m     difficulty: 'advanced',
[7m   [0m [91m    ~~~~~~~~~~[0m

[96m../agents/src/templates/industry-templates.ts[0m:[93m508[0m:[93m5[0m - [91merror[0m[90m TS2353: [0mObject literal may only specify known properties, and 'difficulty' does not exist in type 'AgentTemplate'.

[7m508[0m     difficulty: 'intermediate',
[7m   [0m [91m    ~~~~~~~~~~[0m

[96m../agents/src/templates/industry-templates.ts[0m:[93m544[0m:[93m5[0m - [91merror[0m[90m TS2353: [0mObject literal may only specify known properties, and 'difficulty' does not exist in type 'AgentTemplate'.

[7m544[0m     difficulty: 'advanced',
[7m   [0m [91m    ~~~~~~~~~~[0m

[96m../agents/src/templates/industry-templates.ts[0m:[93m583[0m:[93m5[0m - [91merror[0m[90m TS2353: [0mObject literal may only specify known properties, and 'difficulty' does not exist in type 'AgentTemplate'.

[7m583[0m     difficulty: 'advanced',
[7m   [0m [91m    ~~~~~~~~~~[0m

[96m../agents/src/templates/industry-templates.ts[0m:[93m619[0m:[93m5[0m - [91merror[0m[90m TS2353: [0mObject literal may only specify known properties, and 'difficulty' does not exist in type 'AgentTemplate'.

[7m619[0m     difficulty: 'expert',
[7m   [0m [91m    ~~~~~~~~~~[0m

[96m../agents/src/templates/industry-templates.ts[0m:[93m658[0m:[93m5[0m - [91merror[0m[90m TS2353: [0mObject literal may only specify known properties, and 'difficulty' does not exist in type 'AgentTemplate'.

[7m658[0m     difficulty: 'advanced',
[7m   [0m [91m    ~~~~~~~~~~[0m

[96m../agents/src/templates/industry-templates.ts[0m:[93m694[0m:[93m5[0m - [91merror[0m[90m TS2353: [0mObject literal may only specify known properties, and 'difficulty' does not exist in type 'AgentTemplate'.

[7m694[0m     difficulty: 'expert',
[7m   [0m [91m    ~~~~~~~~~~[0m

[96m../agents/src/templates/industry-templates.ts[0m:[93m733[0m:[93m5[0m - [91merror[0m[90m TS2353: [0mObject literal may only specify known properties, and 'difficulty' does not exist in type 'AgentTemplate'.

[7m733[0m     difficulty: 'intermediate',
[7m   [0m [91m    ~~~~~~~~~~[0m

[96m../agents/src/templates/industry-templates.ts[0m:[93m769[0m:[93m5[0m - [91merror[0m[90m TS2353: [0mObject literal may only specify known properties, and 'difficulty' does not exist in type 'AgentTemplate'.

[7m769[0m     difficulty: 'intermediate',
[7m   [0m [91m    ~~~~~~~~~~[0m

[96m../agents/src/templates/template-manager.ts[0m:[93m519[0m:[93m21[0m - [91merror[0m[90m TS2339: [0mProperty 'metadata' does not exist on type 'Omit<WorkflowTemplate, "id" | "metadata" | "stats">'.

[7m519[0m         ...template.metadata
[7m   [0m [91m                    ~~~~~~~~[0m

[96m../agents/src/tools/advanced-tools.ts[0m:[93m4[0m:[93m14[0m - [91merror[0m[90m TS2420: [0mClass 'DataTransformer' incorrectly implements interface 'Tool'.
  Type 'DataTransformer' is missing the following properties from type 'Tool': id, category, inputSchema, outputSchema, and 3 more.

[7m4[0m export class DataTransformer implements Tool {
[7m [0m [91m             ~~~~~~~~~~~~~~~[0m

[96m../agents/src/tools/advanced-tools.ts[0m:[93m56[0m:[93m16[0m - [91merror[0m[90m TS18046: [0m'error' is of type 'unknown'.

[7m56[0m         error: error.message,
[7m  [0m [91m               ~~~~~[0m

[96m../agents/src/tools/advanced-tools.ts[0m:[93m132[0m:[93m12[0m - [91merror[0m[90m TS7053: [0mElement implicitly has an 'any' type because expression of type 'any' can't be used to index type '{}'.

[7m132[0m       if (!result[rowKey]) result[rowKey] = {}
[7m   [0m [91m           ~~~~~~~~~~~~~~[0m

[96m../agents/src/tools/advanced-tools.ts[0m:[93m132[0m:[93m28[0m - [91merror[0m[90m TS7053: [0mElement implicitly has an 'any' type because expression of type 'any' can't be used to index type '{}'.

[7m132[0m       if (!result[rowKey]) result[rowKey] = {}
[7m   [0m [91m                           ~~~~~~~~~~~~~~[0m

[96m../agents/src/tools/advanced-tools.ts[0m:[93m133[0m:[93m7[0m - [91merror[0m[90m TS7053: [0mElement implicitly has an 'any' type because expression of type 'any' can't be used to index type '{}'.

[7m133[0m       result[rowKey][colKey] = value
[7m   [0m [91m      ~~~~~~~~~~~~~~[0m

[96m../agents/src/tools/advanced-tools.ts[0m:[93m146[0m:[93m9[0m - [91merror[0m[90m TS2322: [0mType 'number' is not assignable to type 'string'.

[7m146[0m         result[`${field}_${operation}`] = this.reduceData(items, operation as any, field)
[7m   [0m [91m        ~~~~~~~~~~~~~~~~~~~~~~~~~~~~~~~[0m

[96m../agents/src/tools/advanced-tools.ts[0m:[93m175[0m:[93m14[0m - [91merror[0m[90m TS2420: [0mClass 'ImageProcessor' incorrectly implements interface 'Tool'.
  Type 'ImageProcessor' is missing the following properties from type 'Tool': id, category, inputSchema, outputSchema, and 3 more.

[7m175[0m export class ImageProcessor implements Tool {
[7m   [0m [91m             ~~~~~~~~~~~~~~[0m

[96m../agents/src/tools/advanced-tools.ts[0m:[93m223[0m:[93m16[0m - [91merror[0m[90m TS18046: [0m'error' is of type 'unknown'.

[7m223[0m         error: error.message,
[7m   [0m [91m               ~~~~~[0m

[96m../agents/src/tools/advanced-tools.ts[0m:[93m289[0m:[93m14[0m - [91merror[0m[90m TS2420: [0mClass 'DocumentProcessor' incorrectly implements interface 'Tool'.
  Type 'DocumentProcessor' is missing the following properties from type 'Tool': id, category, inputSchema, outputSchema, and 3 more.

[7m289[0m export class DocumentProcessor implements Tool {
[7m   [0m [91m             ~~~~~~~~~~~~~~~~~[0m

[96m../agents/src/tools/advanced-tools.ts[0m:[93m335[0m:[93m16[0m - [91merror[0m[90m TS18046: [0m'error' is of type 'unknown'.

[7m335[0m         error: error.message,
[7m   [0m [91m               ~~~~~[0m

[96m../agents/src/tools/advanced-tools.ts[0m:[93m425[0m:[93m14[0m - [91merror[0m[90m TS2420: [0mClass 'EmailProcessor' incorrectly implements interface 'Tool'.
  Type 'EmailProcessor' is missing the following properties from type 'Tool': id, category, inputSchema, outputSchema, and 3 more.

[7m425[0m export class EmailProcessor implements Tool {
[7m   [0m [91m             ~~~~~~~~~~~~~~[0m

[96m../agents/src/tools/advanced-tools.ts[0m:[93m471[0m:[93m16[0m - [91merror[0m[90m TS18046: [0m'error' is of type 'unknown'.

[7m471[0m         error: error.message,
[7m   [0m [91m               ~~~~~[0m

[96m../agents/src/tools/advanced-tools.ts[0m:[93m491[0m:[93m9[0m - [91merror[0m[90m TS7053: [0mElement implicitly has an 'any' type because expression of type 'string' can't be used to index type '{}'.
  No index signature with a parameter of type 'string' was found on type '{}'.

[7m491[0m         headers[key.trim()] = valueParts.join(':').trim()
[7m   [0m [91m        ~~~~~~~~~~~~~~~~~~~[0m

[96m../agents/src/tools/advanced-tools.ts[0m:[93m500[0m:[93m16[0m - [91merror[0m[90m TS7053: [0mElement implicitly has an 'any' type because expression of type '"Subject"' can't be used to index type '{}'.
  Property 'Subject' does not exist on type '{}'.

[7m500[0m       subject: headers['Subject'] || '',
[7m   [0m [91m               ~~~~~~~~~~~~~~~~~~[0m

[96m../agents/src/tools/advanced-tools.ts[0m:[93m501[0m:[93m13[0m - [91merror[0m[90m TS7053: [0mElement implicitly has an 'any' type because expression of type '"From"' can't be used to index type '{}'.
  Property 'From' does not exist on type '{}'.

[7m501[0m       from: headers['From'] || '',
[7m   [0m [91m            ~~~~~~~~~~~~~~~[0m

[96m../agents/src/tools/advanced-tools.ts[0m:[93m502[0m:[93m11[0m - [91merror[0m[90m TS7053: [0mElement implicitly has an 'any' type because expression of type '"To"' can't be used to index type '{}'.
  Property 'To' does not exist on type '{}'.

[7m502[0m       to: headers['To'] || '',
[7m   [0m [91m          ~~~~~~~~~~~~~[0m

[96m../agents/src/tools/advanced-tools.ts[0m:[93m503[0m:[93m13[0m - [91merror[0m[90m TS7053: [0mElement implicitly has an 'any' type because expression of type '"Date"' can't be used to index type '{}'.
  Property 'Date' does not exist on type '{}'.

[7m503[0m       date: headers['Date'] || '',
[7m   [0m [91m            ~~~~~~~~~~~~~~~[0m

[96m../agents/src/tools/advanced-tools.ts[0m:[93m600[0m:[93m14[0m - [91merror[0m[90m TS7053: [0mElement implicitly has an 'any' type because expression of type 'any' can't be used to index type '{ professional: string; friendly: string; formal: string; }'.

[7m600[0m       reply: templates[tone] || templates.professional,
[7m   [0m [91m             ~~~~~~~~~~~~~~~[0m

[96m../agents/src/tools/document-processor.ts[0m:[93m4[0m:[93m14[0m - [91merror[0m[90m TS2420: [0mClass 'DocumentProcessor' incorrectly implements interface 'Tool'.
  Type 'DocumentProcessor' is missing the following properties from type 'Tool': id, category, inputSchema, outputSchema, and 3 more.

[7m4[0m export class DocumentProcessor implements Tool {
[7m [0m [91m             ~~~~~~~~~~~~~~~~~[0m

[96m../agents/src/tools/document-processor.ts[0m:[93m161[0m:[93m14[0m - [91merror[0m[90m TS2420: [0mClass 'EmailProcessor' incorrectly implements interface 'Tool'.
  Type 'EmailProcessor' is missing the following properties from type 'Tool': id, category, inputSchema, outputSchema, and 3 more.

[7m161[0m export class EmailProcessor implements Tool {
[7m   [0m [91m             ~~~~~~~~~~~~~~[0m

[96m../agents/src/tools/document-processor.ts[0m:[93m329[0m:[93m14[0m - [91merror[0m[90m TS2420: [0mClass 'VectorSearchTool' incorrectly implements interface 'Tool'.
  Type 'VectorSearchTool' is missing the following properties from type 'Tool': id, category, inputSchema, outputSchema, and 3 more.

[7m329[0m export class VectorSearchTool implements Tool {
[7m   [0m [91m             ~~~~~~~~~~~~~~~~[0m

[96m../agents/src/tools/file-processor.ts[0m:[93m101[0m:[93m64[0m - [91merror[0m[90m TS7006: [0mParameter 'w' implicitly has an 'any' type.

[7m101[0m           const words = text.toLowerCase().split(/\W+/).filter(w => w.length > 3)
[7m   [0m [91m                                                               ~[0m

[96m../agents/src/tools/file-processor.ts[0m:[93m102[0m:[93m43[0m - [91merror[0m[90m TS7006: [0mParameter 'acc' implicitly has an 'any' type.

[7m102[0m           const wordCount = words.reduce((acc, word) => {
[7m   [0m [91m                                          ~~~[0m

[96m../agents/src/tools/file-processor.ts[0m:[93m102[0m:[93m48[0m - [91merror[0m[90m TS7006: [0mParameter 'word' implicitly has an 'any' type.

[7m102[0m           const wordCount = words.reduce((acc, word) => {
[7m   [0m [91m                                               ~~~~[0m

[96m../agents/src/tools/file-processor.ts[0m:[93m108[0m:[93m35[0m - [91merror[0m[90m TS18046: [0m'b' is of type 'unknown'.

[7m108[0m             .sort(([,a], [,b]) => b - a)
[7m   [0m [91m                                  ~[0m

[96m../agents/src/tools/file-processor.ts[0m:[93m108[0m:[93m39[0m - [91merror[0m[90m TS18046: [0m'a' is of type 'unknown'.

[7m108[0m             .sort(([,a], [,b]) => b - a)
[7m   [0m [91m                                      ~[0m

[96m../agents/src/tools/formatter.ts[0m:[93m35[0m:[93m53[0m - [91merror[0m[90m TS7006: [0mParameter 'txt' implicitly has an 'any' type.

[7m35[0m           const titleCase = text.replace(/\w\S*/g, (txt) =>
[7m  [0m [91m                                                    ~~~[0m

[96m../agents/src/tools/formatter.ts[0m:[93m45[0m:[93m46[0m - [91merror[0m[90m TS7006: [0mParameter 'word' implicitly has an 'any' type.

[7m45[0m             .replace(/(?:^\w|[A-Z]|\b\w)/g, (word, index) =>
[7m  [0m [91m                                             ~~~~[0m

[96m../agents/src/tools/formatter.ts[0m:[93m45[0m:[93m52[0m - [91merror[0m[90m TS7006: [0mParameter 'index' implicitly has an 'any' type.

[7m45[0m             .replace(/(?:^\w|[A-Z]|\b\w)/g, (word, index) =>
[7m  [0m [91m                                                   ~~~~~[0m

[96m../agents/src/tools/formatter.ts[0m:[93m58[0m:[93m18[0m - [91merror[0m[90m TS7006: [0mParameter 'word' implicitly has an 'any' type.

[7m58[0m             .map(word => word.toLowerCase())
[7m  [0m [91m                 ~~~~[0m

[96m../agents/src/tools/formatter.ts[0m:[93m69[0m:[93m18[0m - [91merror[0m[90m TS7006: [0mParameter 'word' implicitly has an 'any' type.

[7m69[0m             .map(word => word.toLowerCase())
[7m  [0m [91m                 ~~~~[0m

[96m../agents/src/workflows/executor.ts[0m:[93m94[0m:[93m18[0m - [91merror[0m[90m TS2339: [0mProperty 'endTime' does not exist on type '{ nodeId: string; type: "integration" | "start" | "end" | "transform" | "condition" | "delay" | "parallel" | "agent"; startTime: Date; status: "running"; input: any; }'.

[7m94[0m       traceEntry.endTime = new Date()
[7m  [0m [91m                 ~~~~~~~[0m

[96m../agents/src/workflows/executor.ts[0m:[93m95[0m:[93m7[0m - [91merror[0m[90m TS2322: [0mType '"completed"' is not assignable to type '"running"'.

[7m95[0m       traceEntry.status = 'completed'
[7m  [0m [91m      ~~~~~~~~~~~~~~~~~[0m

[96m../agents/src/workflows/executor.ts[0m:[93m96[0m:[93m18[0m - [91merror[0m[90m TS2339: [0mProperty 'output' does not exist on type '{ nodeId: string; type: "integration" | "start" | "end" | "transform" | "condition" | "delay" | "parallel" | "agent"; startTime: Date; status: "running"; input: any; }'.

[7m96[0m       traceEntry.output = {
[7m  [0m [91m                 ~~~~~~[0m

[96msrc/connectors/databases/weaviate-enhanced.ts[0m:[93m47[0m:[93m14[0m - [91merror[0m[90m TS2420: [0mClass 'WeaviateEnhancedConnector' incorrectly implements interface 'IntegrationConnector'.
  Property 'config' is protected in type 'WeaviateEnhancedConnector' but public in type 'IntegrationConnector'.

[7m47[0m export class WeaviateEnhancedConnector extends BaseConnector<WeaviateConfig> implements IntegrationConnector {
[7m  [0m [91m             ~~~~~~~~~~~~~~~~~~~~~~~~~[0m

[96msrc/connectors/databases/weaviate-enhanced.ts[0m:[93m55[0m:[93m11[0m - [91merror[0m[90m TS2564: [0mProperty 'connectionConfig' has no initializer and is not definitely assigned in the constructor.

[7m55[0m   private connectionConfig: WeaviateConfig
[7m  [0m [91m          ~~~~~~~~~~~~~~~~[0m

[96msrc/connectors/databases/weaviate-enhanced.ts[0m:[93m146[0m:[93m39[0m - [91merror[0m[90m TS2532: [0mObject is possibly 'undefined'.

[7m146[0m       className: options.className || this.config.className || 'Document',
[7m   [0m [91m                                      ~~~~~~~~~~~[0m

[96msrc/connectors/databases/weaviate-enhanced.ts[0m:[93m246[0m:[93m19[0m - [91merror[0m[90m TS2532: [0mObject is possibly 'undefined'.

[7m246[0m       className = this.config.className || 'Document',
[7m   [0m [91m                  ~~~~~~~~~~~[0m

[96msrc/connectors/databases/weaviate-enhanced.ts[0m:[93m286[0m:[93m38[0m - [91merror[0m[90m TS2532: [0mObject is possibly 'undefined'.

[7m286[0m     const targetClass = className || this.config.className || 'Document'
[7m   [0m [91m                                     ~~~~~~~~~~~[0m

[96msrc/connectors/databases/weaviate-enhanced.ts[0m:[93m309[0m:[93m38[0m - [91merror[0m[90m TS2532: [0mObject is possibly 'undefined'.

[7m309[0m     const targetClass = className || this.config.className || 'Document'
[7m   [0m [91m                                     ~~~~~~~~~~~[0m

[96msrc/connectors/databases/weaviate-enhanced.ts[0m:[93m474[0m:[93m20[0m - [91merror[0m[90m TS2532: [0mObject is possibly 'undefined'.

[7m474[0m     const url = `${this.config.endpoint}${endpoint}`
[7m   [0m [91m                   ~~~~~~~~~~~[0m

[96msrc/connectors/databases/weaviate-enhanced.ts[0m:[93m519[0m:[93m55[0m - [91merror[0m[90m TS2345: [0mArgument of type 'Record<string, any>' is not assignable to parameter of type 'VectorSearchOptions'.
  Type 'Record<string, any>' is missing the following properties from type 'VectorSearchOptions': query, className

[7m519[0m         const hybridResults = await this.hybridSearch(params)
[7m   [0m [91m                                                      ~~~~~~[0m

[96msrc/connectors/databases/weaviate-enhanced.ts[0m:[93m523[0m:[93m59[0m - [91merror[0m[90m TS2345: [0mArgument of type 'Record<string, any>' is not assignable to parameter of type 'VectorSearchOptions'.
  Type 'Record<string, any>' is missing the following properties from type 'VectorSearchOptions': query, className

[7m523[0m         const semanticResults = await this.semanticSearch(params)
[7m   [0m [91m                                                          ~~~~~~[0m

[96msrc/connectors/databases/weaviate.ts[0m:[93m124[0m:[93m55[0m - [91merror[0m[90m TS2345: [0mArgument of type '{ nearVector: { vector: any; certainty: number; }; }' is not assignable to parameter of type 'string'.

[7m124[0m             searchPayload.query.Get[targetClass].push({
[7m   [0m [91m                                                      ~[0m
[7m125[0m               nearVector: {
[7m   [0m [91m~~~~~~~~~~~~~~~~~~~~~~~~~~~[0m
[7m...[0m 
[7m128[0m               }
[7m   [0m [91m~~~~~~~~~~~~~~~[0m
[7m129[0m             })
[7m   [0m [91m~~~~~~~~~~~~~[0m

[96msrc/connectors/project-management/jira.ts[0m:[93m203[0m:[93m35[0m - [91merror[0m[90m TS2339: [0mProperty 'fields' does not exist on type '{}'.

[7m203[0m           if (fields) requestBody.fields = fields
[7m   [0m [91m                                  ~~~~~~[0m

[96msrc/connectors/project-management/jira.ts[0m:[93m204[0m:[93m35[0m - [91merror[0m[90m TS2339: [0mProperty 'update' does not exist on type '{}'.

[7m204[0m           if (update) requestBody.update = update
[7m   [0m [91m                                  ~~~~~~[0m

[96msrc/connectors/project-management/jira.ts[0m:[93m248[0m:[93m39[0m - [91merror[0m[90m TS2339: [0mProperty 'visibility' does not exist on type '{ body: { type: string; version: number; content: { type: string; content: { type: string; text: any; }[]; }[]; }; }'.

[7m248[0m           if (visibility) requestBody.visibility = visibility
[7m   [0m [91m                                      ~~~~~~~~~~[0m

[96msrc/connectors/social-media/linkedin.ts[0m:[93m155[0m:[93m65[0m - [91merror[0m[90m TS2339: [0mProperty 'media' does not exist on type '{ shareCommentary: { text: any; }; shareMediaCategory: string; }'.

[7m155[0m       postData.specificContent['com.linkedin.ugc.ShareContent'].media = params.media.map((mediaItem: any) => ({
[7m   [0m [91m                                                                ~~~~~[0m


Found 381 errors in 71 files.

Errors  Files
     1  ../../apps/web/app/analytics/page.tsx[90m:1[0m
     1  ../../apps/web/app/deployments/page.tsx[90m:1[0m
     1  ../../apps/web/app/integrations/page.tsx[90m:1[0m
     4  ../../apps/web/app/layout.tsx[90m:4[0m
     6  ../../apps/web/app/page.tsx[90m:1[0m
     1  ../../apps/web/app/studio/page.tsx[90m:1[0m
     2  ../../apps/web/app/workflows/page.tsx[90m:1[0m
     5  ../../apps/web/src/components/analytics/analytics-dashboard.tsx[90m:4[0m
     7  ../../apps/web/src/components/deployments/deployment-dashboard.tsx[90m:4[0m
     7  ../../apps/web/src/components/integrations/integration-hub.tsx[90m:4[0m
     4  ../../apps/web/src/components/layout/sidebar.tsx[90m:3[0m
     1  ../../apps/web/src/components/providers/index.tsx[90m:6[0m
     1  ../../apps/web/src/components/sections/cta.tsx[90m:1[0m
     1  ../../apps/web/src/components/sections/features.tsx[90m:1[0m
     1  ../../apps/web/src/components/sections/hero.tsx[90m:1[0m
     1  ../../apps/web/src/components/sections/integrations.tsx[90m:1[0m
     1  ../../apps/web/src/components/sections/pricing.tsx[90m:1[0m
     1  ../../apps/web/src/components/sections/testimonials.tsx[90m:1[0m
     7  ../../apps/web/src/components/studio/advanced-flow-builder.tsx[90m:22[0m
     9  ../../apps/web/src/components/studio/agent-manager.tsx[90m:4[0m
    11  ../../apps/web/src/components/studio/context-manager.tsx[90m:4[0m
     1  ../../apps/web/src/components/studio/custom-edge.tsx[90m:51[0m
    10  ../../apps/web/src/components/studio/deployment-panel.tsx[90m:4[0m
     7  ../../apps/web/src/components/studio/flow-builder.tsx[90m:20[0m
     7  ../../apps/web/src/components/studio/flow-node.tsx[90m:5[0m
     3  ../../apps/web/src/components/studio/flow-toolbar.tsx[90m:4[0m
    10  ../../apps/web/src/components/studio/logs-viewer.tsx[90m:4[0m
     5  ../../apps/web/src/components/studio/node-palette.tsx[90m:4[0m
    10  ../../apps/web/src/components/studio/prompt-library.tsx[90m:4[0m
    15  ../../apps/web/src/components/studio/property-panel.tsx[90m:4[0m
     8  ../../apps/web/src/components/studio/reports-viewer.tsx[90m:4[0m
    21  ../../apps/web/src/components/studio/settings-panel.tsx[90m:4[0m
     7  ../../apps/web/src/components/studio/studio-interface.tsx[90m:4[0m
    10  ../../apps/web/src/components/studio/test-runner.tsx[90m:4[0m
    10  ../../apps/web/src/components/studio/tools-manager.tsx[90m:4[0m
     1  ../../apps/web/src/components/ui/badge.tsx[90m:4[0m
     1  ../../apps/web/src/components/ui/button.tsx[90m:5[0m
     1  ../../apps/web/src/components/ui/card.tsx[90m:3[0m
     1  ../../apps/web/src/components/ui/input.tsx[90m:3[0m
     1  ../../apps/web/src/components/ui/label.tsx[90m:7[0m
     1  ../../apps/web/src/components/ui/progress.tsx[90m:6[0m
     1  ../../apps/web/src/components/ui/scroll-area.tsx[90m:6[0m
     1  ../../apps/web/src/components/ui/select.tsx[90m:7[0m
     1  ../../apps/web/src/components/ui/separator.tsx[90m:6[0m
     1  ../../apps/web/src/components/ui/tabs.tsx[90m:6[0m
     1  ../../apps/web/src/components/ui/textarea.tsx[90m:3[0m
     1  ../../apps/web/src/components/ui/toast.tsx[90m:8[0m
     1  ../../apps/web/src/components/workflows/workflow-list.tsx[90m:1[0m
     1  ../../apps/web/src/hooks/use-integrations.ts[90m:2[0m
    57  ../../apps/web/src/store/flow-store.ts[90m:95[0m
     1  ../agents/src/agents/chat-agent.ts[90m:30[0m
     7  ../agents/src/agents/index.ts[90m:5[0m
     1  ../agents/src/agents/text-agent.ts[90m:44[0m
     3  ../agents/src/collaboration/index.ts[90m:3[0m
     3  ../agents/src/engine.ts[90m:4[0m
    19  ../agents/src/index.ts[90m:4[0m
     2  ../agents/src/memory/index.ts[90m:2[0m
     2  ../agents/src/memory/manager.ts[90m:3[0m
     2  ../agents/src/templates/advanced-workflow-templates.ts[90m:269[0m
     3  ../agents/src/templates/agent-templates.ts[90m:13[0m
    21  ../agents/src/templates/industry-templates.ts[90m:12[0m
     1  ../agents/src/templates/template-manager.ts[90m:519[0m
    18  ../agents/src/tools/advanced-tools.ts[90m:4[0m
     3  ../agents/src/tools/document-processor.ts[90m:4[0m
     5  ../agents/src/tools/file-processor.ts[90m:101[0m
     5  ../agents/src/tools/formatter.ts[90m:35[0m
     3  ../agents/src/workflows/executor.ts[90m:94[0m
     9  src/connectors/databases/weaviate-enhanced.ts[90m:47[0m
     1  src/connectors/databases/weaviate.ts[90m:124[0m
     3  src/connectors/project-management/jira.ts[90m:203[0m
     1  src/connectors/social-media/linkedin.ts[90m:155[0m
[1mnpm[22m [31merror[39m Lifecycle script `build` failed with error:
[1mnpm[22m [31merror[39m [94mcode[39m [33m2[39m
[1mnpm[22m [31merror[39m [94mpath[39m /home/runner/work/lamatic-clone/lamatic-clone/packages/integrations
[1mnpm[22m [31merror[39m [94mworkspace[39m @lamatic/integrations@1.0.0
[1mnpm[22m [31merror[39m [94mlocation[39m /home/runner/work/lamatic-clone/lamatic-clone/packages/integrations
[1mnpm[22m [31merror[39m command failed
[1mnpm[22m [31merror[39m [94mcommand[39m sh -c tsc
