
> @lamatic/ui@1.0.0 build
> tsc

[96m../../apps/web/app/deployments/page.tsx[0m:[93m1[0m:[93m37[0m - [91merror[0m[90m TS2307: [0mCannot find module '@/components/deployments/deployment-dashboard' or its corresponding type declarations.

[7m1[0m import { DeploymentDashboard } from '@/components/deployments/deployment-dashboard'
[7m [0m [91m                                    ~~~~~~~~~~~~~~~~~~~~~~~~~~~~~~~~~~~~~~~~~~~~~~~[0m

[96m../../apps/web/app/integrations/page.tsx[0m:[93m1[0m:[93m32[0m - [91merror[0m[90m TS2307: [0mCannot find module '@/components/integrations/integration-hub' or its corresponding type declarations.

[7m1[0m import { IntegrationHub } from '@/components/integrations/integration-hub'
[7m [0m [91m                               ~~~~~~~~~~~~~~~~~~~~~~~~~~~~~~~~~~~~~~~~~~~[0m

[96m../../apps/web/app/layout.tsx[0m:[93m4[0m:[93m27[0m - [91merror[0m[90m TS2307: [0mCannot find module '@/components/providers' or its corresponding type declarations.

[7m4[0m import { Providers } from '@/components/providers'
[7m [0m [91m                          ~~~~~~~~~~~~~~~~~~~~~~~~[0m

[96m../../apps/web/app/layout.tsx[0m:[93m5[0m:[93m24[0m - [91merror[0m[90m TS2307: [0mCannot find module '@/components/layout/header' or its corresponding type declarations.

[7m5[0m import { Header } from '@/components/layout/header'
[7m [0m [91m                       ~~~~~~~~~~~~~~~~~~~~~~~~~~~~[0m

[96m../../apps/web/app/layout.tsx[0m:[93m6[0m:[93m25[0m - [91merror[0m[90m TS2307: [0mCannot find module '@/components/layout/sidebar' or its corresponding type declarations.

[7m6[0m import { Sidebar } from '@/components/layout/sidebar'
[7m [0m [91m                        ~~~~~~~~~~~~~~~~~~~~~~~~~~~~~[0m

[96m../../apps/web/app/layout.tsx[0m:[93m7[0m:[93m25[0m - [91merror[0m[90m TS2307: [0mCannot find module '@/components/ui/toaster' or its corresponding type declarations.

[7m7[0m import { Toaster } from '@/components/ui/toaster'
[7m [0m [91m                        ~~~~~~~~~~~~~~~~~~~~~~~~~[0m

[96m../../apps/web/app/page.tsx[0m:[93m1[0m:[93m22[0m - [91merror[0m[90m TS2307: [0mCannot find module '@/components/sections/hero' or its corresponding type declarations.

[7m1[0m import { Hero } from '@/components/sections/hero'
[7m [0m [91m                     ~~~~~~~~~~~~~~~~~~~~~~~~~~~~[0m

[96m../../apps/web/app/page.tsx[0m:[93m2[0m:[93m26[0m - [91merror[0m[90m TS2307: [0mCannot find module '@/components/sections/features' or its corresponding type declarations.

[7m2[0m import { Features } from '@/components/sections/features'
[7m [0m [91m                         ~~~~~~~~~~~~~~~~~~~~~~~~~~~~~~~~[0m

[96m../../apps/web/app/page.tsx[0m:[93m3[0m:[93m30[0m - [91merror[0m[90m TS2307: [0mCannot find module '@/components/sections/integrations' or its corresponding type declarations.

[7m3[0m import { Integrations } from '@/components/sections/integrations'
[7m [0m [91m                             ~~~~~~~~~~~~~~~~~~~~~~~~~~~~~~~~~~~~[0m

[96m../../apps/web/app/page.tsx[0m:[93m4[0m:[93m30[0m - [91merror[0m[90m TS2307: [0mCannot find module '@/components/sections/testimonials' or its corresponding type declarations.

[7m4[0m import { Testimonials } from '@/components/sections/testimonials'
[7m [0m [91m                             ~~~~~~~~~~~~~~~~~~~~~~~~~~~~~~~~~~~~[0m

[96m../../apps/web/app/page.tsx[0m:[93m5[0m:[93m25[0m - [91merror[0m[90m TS2307: [0mCannot find module '@/components/sections/pricing' or its corresponding type declarations.

[7m5[0m import { Pricing } from '@/components/sections/pricing'
[7m [0m [91m                        ~~~~~~~~~~~~~~~~~~~~~~~~~~~~~~~[0m

[96m../../apps/web/app/page.tsx[0m:[93m6[0m:[93m21[0m - [91merror[0m[90m TS2307: [0mCannot find module '@/components/sections/cta' or its corresponding type declarations.

[7m6[0m import { CTA } from '@/components/sections/cta'
[7m [0m [91m                    ~~~~~~~~~~~~~~~~~~~~~~~~~~~[0m

[96m../../apps/web/app/studio/page.tsx[0m:[93m1[0m:[93m33[0m - [91merror[0m[90m TS2307: [0mCannot find module '@/components/studio/studio-interface' or its corresponding type declarations.

[7m1[0m import { StudioInterface } from '@/components/studio/studio-interface'
[7m [0m [91m                                ~~~~~~~~~~~~~~~~~~~~~~~~~~~~~~~~~~~~~~[0m

[96m../../apps/web/app/workflows/page.tsx[0m:[93m1[0m:[93m30[0m - [91merror[0m[90m TS2307: [0mCannot find module '@/components/workflows/workflow-list' or its corresponding type declarations.

[7m1[0m import { WorkflowList } from '@/components/workflows/workflow-list'
[7m [0m [91m                             ~~~~~~~~~~~~~~~~~~~~~~~~~~~~~~~~~~~~~~[0m

[96m../../apps/web/app/workflows/page.tsx[0m:[93m2[0m:[93m24[0m - [91merror[0m[90m TS2307: [0mCannot find module '@/components/ui/button' or its corresponding type declarations.

[7m2[0m import { Button } from '@/components/ui/button'
[7m [0m [91m                       ~~~~~~~~~~~~~~~~~~~~~~~~[0m

[96m../../apps/web/src/components/deployments/deployment-dashboard.tsx[0m:[93m4[0m:[93m58[0m - [91merror[0m[90m TS2307: [0mCannot find module '@/components/ui/card' or its corresponding type declarations.

[7m4[0m import { Card, CardContent, CardHeader, CardTitle } from '@/components/ui/card'
[7m [0m [91m                                                         ~~~~~~~~~~~~~~~~~~~~~~[0m

[96m../../apps/web/src/components/deployments/deployment-dashboard.tsx[0m:[93m5[0m:[93m24[0m - [91merror[0m[90m TS2307: [0mCannot find module '@/components/ui/button' or its corresponding type declarations.

[7m5[0m import { Button } from '@/components/ui/button'
[7m [0m [91m                       ~~~~~~~~~~~~~~~~~~~~~~~~[0m

[96m../../apps/web/src/components/deployments/deployment-dashboard.tsx[0m:[93m6[0m:[93m23[0m - [91merror[0m[90m TS2307: [0mCannot find module '@/components/ui/badge' or its corresponding type declarations.

[7m6[0m import { Badge } from '@/components/ui/badge'
[7m [0m [91m                      ~~~~~~~~~~~~~~~~~~~~~~~[0m

[96m../../apps/web/src/components/deployments/deployment-dashboard.tsx[0m:[93m7[0m:[93m58[0m - [91merror[0m[90m TS2307: [0mCannot find module '@/components/ui/tabs' or its corresponding type declarations.

[7m7[0m import { Tabs, TabsContent, TabsList, TabsTrigger } from '@/components/ui/tabs'
[7m [0m [91m                                                         ~~~~~~~~~~~~~~~~~~~~~~[0m

[96m../../apps/web/src/components/deployments/deployment-dashboard.tsx[0m:[93m8[0m:[93m28[0m - [91merror[0m[90m TS2307: [0mCannot find module '@/components/ui/scroll-area' or its corresponding type declarations.

[7m8[0m import { ScrollArea } from '@/components/ui/scroll-area'
[7m [0m [91m                           ~~~~~~~~~~~~~~~~~~~~~~~~~~~~~[0m

[96m../../apps/web/src/components/deployments/deployment-dashboard.tsx[0m:[93m9[0m:[93m27[0m - [91merror[0m[90m TS2307: [0mCannot find module '@/components/ui/separator' or its corresponding type declarations.

[7m9[0m import { Separator } from '@/components/ui/separator'
[7m [0m [91m                          ~~~~~~~~~~~~~~~~~~~~~~~~~~~[0m

[96m../../apps/web/src/components/deployments/deployment-dashboard.tsx[0m:[93m10[0m:[93m26[0m - [91merror[0m[90m TS2307: [0mCannot find module '@/components/ui/progress' or its corresponding type declarations.

[7m10[0m import { Progress } from '@/components/ui/progress'
[7m  [0m [91m                         ~~~~~~~~~~~~~~~~~~~~~~~~~~[0m

[96m../../apps/web/src/components/integrations/integration-hub.tsx[0m:[93m4[0m:[93m75[0m - [91merror[0m[90m TS2307: [0mCannot find module '@/components/ui/card' or its corresponding type declarations.

[7m4[0m import { Card, CardContent, CardDescription, CardHeader, CardTitle } from '@/components/ui/card'
[7m [0m [91m                                                                          ~~~~~~~~~~~~~~~~~~~~~~[0m

[96m../../apps/web/src/components/integrations/integration-hub.tsx[0m:[93m5[0m:[93m24[0m - [91merror[0m[90m TS2307: [0mCannot find module '@/components/ui/button' or its corresponding type declarations.

[7m5[0m import { Button } from '@/components/ui/button'
[7m [0m [91m                       ~~~~~~~~~~~~~~~~~~~~~~~~[0m

[96m../../apps/web/src/components/integrations/integration-hub.tsx[0m:[93m6[0m:[93m23[0m - [91merror[0m[90m TS2307: [0mCannot find module '@/components/ui/badge' or its corresponding type declarations.

[7m6[0m import { Badge } from '@/components/ui/badge'
[7m [0m [91m                      ~~~~~~~~~~~~~~~~~~~~~~~[0m

[96m../../apps/web/src/components/integrations/integration-hub.tsx[0m:[93m7[0m:[93m23[0m - [91merror[0m[90m TS2307: [0mCannot find module '@/components/ui/input' or its corresponding type declarations.

[7m7[0m import { Input } from '@/components/ui/input'
[7m [0m [91m                      ~~~~~~~~~~~~~~~~~~~~~~~[0m

[96m../../apps/web/src/components/integrations/integration-hub.tsx[0m:[93m8[0m:[93m58[0m - [91merror[0m[90m TS2307: [0mCannot find module '@/components/ui/tabs' or its corresponding type declarations.

[7m8[0m import { Tabs, TabsContent, TabsList, TabsTrigger } from '@/components/ui/tabs'
[7m [0m [91m                                                         ~~~~~~~~~~~~~~~~~~~~~~[0m

[96m../../apps/web/src/components/integrations/integration-hub.tsx[0m:[93m9[0m:[93m28[0m - [91merror[0m[90m TS2307: [0mCannot find module '@/components/ui/scroll-area' or its corresponding type declarations.

[7m9[0m import { ScrollArea } from '@/components/ui/scroll-area'
[7m [0m [91m                           ~~~~~~~~~~~~~~~~~~~~~~~~~~~~~[0m

[96m../../apps/web/src/components/integrations/integration-hub.tsx[0m:[93m373[0m:[93m24[0m - [91merror[0m[90m TS7006: [0mParameter 'e' implicitly has an 'any' type.

[7m373[0m             onChange={(e) => setSearchTerm(e.target.value)}
[7m   [0m [91m                       ~[0m

[96m../../apps/web/src/components/layout/sidebar.tsx[0m:[93m3[0m:[93m20[0m - [91merror[0m[90m TS2307: [0mCannot find module '@/lib/utils' or its corresponding type declarations.

[7m3[0m import { cn } from '@/lib/utils'
[7m [0m [91m                   ~~~~~~~~~~~~~[0m

[96m../../apps/web/src/components/layout/sidebar.tsx[0m:[93m4[0m:[93m24[0m - [91merror[0m[90m TS2307: [0mCannot find module '@/components/ui/button' or its corresponding type declarations.

[7m4[0m import { Button } from '@/components/ui/button'
[7m [0m [91m                       ~~~~~~~~~~~~~~~~~~~~~~~~[0m

[96m../../apps/web/src/components/layout/sidebar.tsx[0m:[93m5[0m:[93m28[0m - [91merror[0m[90m TS2307: [0mCannot find module '@/components/ui/scroll-area' or its corresponding type declarations.

[7m5[0m import { ScrollArea } from '@/components/ui/scroll-area'
[7m [0m [91m                           ~~~~~~~~~~~~~~~~~~~~~~~~~~~~~[0m

[96m../../apps/web/src/components/layout/sidebar.tsx[0m:[93m6[0m:[93m27[0m - [91merror[0m[90m TS2307: [0mCannot find module '@/components/ui/separator' or its corresponding type declarations.

[7m6[0m import { Separator } from '@/components/ui/separator'
[7m [0m [91m                          ~~~~~~~~~~~~~~~~~~~~~~~~~~~[0m

[96m../../apps/web/src/components/providers/index.tsx[0m:[93m6[0m:[93m30[0m - [91merror[0m[90m TS2307: [0mCannot find module '@/lib/apollo-client' or its corresponding type declarations.

[7m6[0m import { apolloClient } from '@/lib/apollo-client'
[7m [0m [91m                             ~~~~~~~~~~~~~~~~~~~~~[0m

[96m../../apps/web/src/components/sections/cta.tsx[0m:[93m1[0m:[93m24[0m - [91merror[0m[90m TS2307: [0mCannot find module '@/components/ui/button' or its corresponding type declarations.

[7m1[0m import { Button } from '@/components/ui/button'
[7m [0m [91m                       ~~~~~~~~~~~~~~~~~~~~~~~~[0m

[96m../../apps/web/src/components/sections/features.tsx[0m:[93m1[0m:[93m75[0m - [91merror[0m[90m TS2307: [0mCannot find module '@/components/ui/card' or its corresponding type declarations.

[7m1[0m import { Card, CardContent, CardDescription, CardHeader, CardTitle } from '@/components/ui/card'
[7m [0m [91m                                                                          ~~~~~~~~~~~~~~~~~~~~~~[0m

[96m../../apps/web/src/components/sections/hero.tsx[0m:[93m1[0m:[93m24[0m - [91merror[0m[90m TS2307: [0mCannot find module '@/components/ui/button' or its corresponding type declarations.

[7m1[0m import { Button } from '@/components/ui/button'
[7m [0m [91m                       ~~~~~~~~~~~~~~~~~~~~~~~~[0m

[96m../../apps/web/src/components/sections/integrations.tsx[0m:[93m1[0m:[93m23[0m - [91merror[0m[90m TS2307: [0mCannot find module '@/components/ui/badge' or its corresponding type declarations.

[7m1[0m import { Badge } from '@/components/ui/badge'
[7m [0m [91m                      ~~~~~~~~~~~~~~~~~~~~~~~[0m

[96m../../apps/web/src/components/sections/pricing.tsx[0m:[93m1[0m:[93m90[0m - [91merror[0m[90m TS2307: [0mCannot find module '@/components/ui' or its corresponding type declarations.

[7m1[0m import { Button, Card, CardContent, CardDescription, CardHeader, CardTitle, Badge } from '@/components/ui'
[7m [0m [91m                                                                                         ~~~~~~~~~~~~~~~~~[0m

[96m../../apps/web/src/components/sections/testimonials.tsx[0m:[93m1[0m:[93m35[0m - [91merror[0m[90m TS2307: [0mCannot find module '@/components/ui/card' or its corresponding type declarations.

[7m1[0m import { Card, CardContent } from '@/components/ui/card'
[7m [0m [91m                                  ~~~~~~~~~~~~~~~~~~~~~~[0m

[96m../../apps/web/src/components/studio/advanced-flow-builder.tsx[0m:[93m22[0m:[93m58[0m - [91merror[0m[90m TS2307: [0mCannot find module '@/components/ui/card' or its corresponding type declarations.

[7m22[0m import { Card, CardContent, CardHeader, CardTitle } from '@/components/ui/card'
[7m  [0m [91m                                                         ~~~~~~~~~~~~~~~~~~~~~~[0m

[96m../../apps/web/src/components/studio/advanced-flow-builder.tsx[0m:[93m23[0m:[93m24[0m - [91merror[0m[90m TS2307: [0mCannot find module '@/components/ui/button' or its corresponding type declarations.

[7m23[0m import { Button } from '@/components/ui/button'
[7m  [0m [91m                       ~~~~~~~~~~~~~~~~~~~~~~~~[0m

[96m../../apps/web/src/components/studio/advanced-flow-builder.tsx[0m:[93m24[0m:[93m23[0m - [91merror[0m[90m TS2307: [0mCannot find module '@/components/ui/badge' or its corresponding type declarations.

[7m24[0m import { Badge } from '@/components/ui/badge'
[7m  [0m [91m                      ~~~~~~~~~~~~~~~~~~~~~~~[0m

[96m../../apps/web/src/components/studio/advanced-flow-builder.tsx[0m:[93m25[0m:[93m58[0m - [91merror[0m[90m TS2307: [0mCannot find module '@/components/ui/tabs' or its corresponding type declarations.

[7m25[0m import { Tabs, TabsContent, TabsList, TabsTrigger } from '@/components/ui/tabs'
[7m  [0m [91m                                                         ~~~~~~~~~~~~~~~~~~~~~~[0m

[96m../../apps/web/src/components/studio/advanced-flow-builder.tsx[0m:[93m48[0m:[93m3[0m - [91merror[0m[90m TS2322: [0mType '({ id, data, selected }: NodeProps<NodeData>) => Element' is not assignable to type 'ComponentType<Pick<Node<Record<string, unknown>, string | undefined>, "id" | "data" | "width" | "height" | "sourcePosition" | "targetPosition" | "dragHandle" | "parentId"> & Required<...> & { ...; } & { ...; }>'.
  Type '({ id, data, selected }: NodeProps<NodeData>) => Element' is not assignable to type 'FunctionComponent<Pick<Node<Record<string, unknown>, string | undefined>, "id" | "data" | "width" | "height" | "sourcePosition" | "targetPosition" | "dragHandle" | "parentId"> & Required<...> & { ...; } & { ...; }>'.
    Types of parameters '__0' and 'props' are incompatible.
      Type 'Pick<Node<Record<string, unknown>, string | undefined>, "id" | "data" | "width" | "height" | "sourcePosition" | "targetPosition" | "dragHandle" | "parentId"> & Required<...> & { ...; } & { ...; }' is not assignable to type 'NodeProps<NodeData>'.
        Type 'Pick<Node<Record<string, unknown>, string | undefined>, "id" | "data" | "width" | "height" | "sourcePosition" | "targetPosition" | "dragHandle" | "parentId"> & Required<...> & { ...; } & { ...; }' is not assignable to type 'Pick<NodeData, "id" | "data" | "width" | "height" | "sourcePosition" | "targetPosition" | "dragHandle" | "parentId">'.
          Property 'width' is optional in type 'Pick<Node<Record<string, unknown>, string | undefined>, "id" | "data" | "width" | "height" | "sourcePosition" | "targetPosition" | "dragHandle" | "parentId"> & Required<...> & { ...; } & { ...; }' but required in type 'Pick<NodeData, "id" | "data" | "width" | "height" | "sourcePosition" | "targetPosition" | "dragHandle" | "parentId">'.

[7m48[0m   'ai-model': FlowNode,
[7m  [0m [91m  ~~~~~~~~~~[0m

[96m../../apps/web/src/components/studio/advanced-flow-builder.tsx[0m:[93m49[0m:[93m3[0m - [91merror[0m[90m TS2322: [0mType '({ id, data, selected }: NodeProps<NodeData>) => Element' is not assignable to type 'ComponentType<Pick<Node<Record<string, unknown>, string | undefined>, "id" | "data" | "width" | "height" | "sourcePosition" | "targetPosition" | "dragHandle" | "parentId"> & Required<...> & { ...; } & { ...; }>'.
  Type '({ id, data, selected }: NodeProps<NodeData>) => Element' is not assignable to type 'FunctionComponent<Pick<Node<Record<string, unknown>, string | undefined>, "id" | "data" | "width" | "height" | "sourcePosition" | "targetPosition" | "dragHandle" | "parentId"> & Required<...> & { ...; } & { ...; }>'.
    Types of parameters '__0' and 'props' are incompatible.
      Type 'Pick<Node<Record<string, unknown>, string | undefined>, "id" | "data" | "width" | "height" | "sourcePosition" | "targetPosition" | "dragHandle" | "parentId"> & Required<...> & { ...; } & { ...; }' is not assignable to type 'NodeProps<NodeData>'.
        Type 'Pick<Node<Record<string, unknown>, string | undefined>, "id" | "data" | "width" | "height" | "sourcePosition" | "targetPosition" | "dragHandle" | "parentId"> & Required<...> & { ...; } & { ...; }' is not assignable to type 'Pick<NodeData, "id" | "data" | "width" | "height" | "sourcePosition" | "targetPosition" | "dragHandle" | "parentId">'.
          Property 'width' is optional in type 'Pick<Node<Record<string, unknown>, string | undefined>, "id" | "data" | "width" | "height" | "sourcePosition" | "targetPosition" | "dragHandle" | "parentId"> & Required<...> & { ...; } & { ...; }' but required in type 'Pick<NodeData, "id" | "data" | "width" | "height" | "sourcePosition" | "targetPosition" | "dragHandle" | "parentId">'.

[7m49[0m   'data-source': FlowNode,
[7m  [0m [91m  ~~~~~~~~~~~~~[0m

[96m../../apps/web/src/components/studio/advanced-flow-builder.tsx[0m:[93m50[0m:[93m3[0m - [91merror[0m[90m TS2322: [0mType '({ id, data, selected }: NodeProps<NodeData>) => Element' is not assignable to type 'ComponentType<Pick<Node<Record<string, unknown>, string | undefined>, "id" | "data" | "width" | "height" | "sourcePosition" | "targetPosition" | "dragHandle" | "parentId"> & Required<...> & { ...; } & { ...; }>'.
  Type '({ id, data, selected }: NodeProps<NodeData>) => Element' is not assignable to type 'FunctionComponent<Pick<Node<Record<string, unknown>, string | undefined>, "id" | "data" | "width" | "height" | "sourcePosition" | "targetPosition" | "dragHandle" | "parentId"> & Required<...> & { ...; } & { ...; }>'.
    Types of parameters '__0' and 'props' are incompatible.
      Type 'Pick<Node<Record<string, unknown>, string | undefined>, "id" | "data" | "width" | "height" | "sourcePosition" | "targetPosition" | "dragHandle" | "parentId"> & Required<...> & { ...; } & { ...; }' is not assignable to type 'NodeProps<NodeData>'.
        Type 'Pick<Node<Record<string, unknown>, string | undefined>, "id" | "data" | "width" | "height" | "sourcePosition" | "targetPosition" | "dragHandle" | "parentId"> & Required<...> & { ...; } & { ...; }' is not assignable to type 'Pick<NodeData, "id" | "data" | "width" | "height" | "sourcePosition" | "targetPosition" | "dragHandle" | "parentId">'.
          Property 'width' is optional in type 'Pick<Node<Record<string, unknown>, string | undefined>, "id" | "data" | "width" | "height" | "sourcePosition" | "targetPosition" | "dragHandle" | "parentId"> & Required<...> & { ...; } & { ...; }' but required in type 'Pick<NodeData, "id" | "data" | "width" | "height" | "sourcePosition" | "targetPosition" | "dragHandle" | "parentId">'.

[7m50[0m   'processor': FlowNode,
[7m  [0m [91m  ~~~~~~~~~~~[0m

[96m../../apps/web/src/components/studio/advanced-flow-builder.tsx[0m:[93m51[0m:[93m3[0m - [91merror[0m[90m TS2322: [0mType '({ id, data, selected }: NodeProps<NodeData>) => Element' is not assignable to type 'ComponentType<Pick<Node<Record<string, unknown>, string | undefined>, "id" | "data" | "width" | "height" | "sourcePosition" | "targetPosition" | "dragHandle" | "parentId"> & Required<...> & { ...; } & { ...; }>'.
  Type '({ id, data, selected }: NodeProps<NodeData>) => Element' is not assignable to type 'FunctionComponent<Pick<Node<Record<string, unknown>, string | undefined>, "id" | "data" | "width" | "height" | "sourcePosition" | "targetPosition" | "dragHandle" | "parentId"> & Required<...> & { ...; } & { ...; }>'.
    Types of parameters '__0' and 'props' are incompatible.
      Type 'Pick<Node<Record<string, unknown>, string | undefined>, "id" | "data" | "width" | "height" | "sourcePosition" | "targetPosition" | "dragHandle" | "parentId"> & Required<...> & { ...; } & { ...; }' is not assignable to type 'NodeProps<NodeData>'.
        Type 'Pick<Node<Record<string, unknown>, string | undefined>, "id" | "data" | "width" | "height" | "sourcePosition" | "targetPosition" | "dragHandle" | "parentId"> & Required<...> & { ...; } & { ...; }' is not assignable to type 'Pick<NodeData, "id" | "data" | "width" | "height" | "sourcePosition" | "targetPosition" | "dragHandle" | "parentId">'.
          Property 'width' is optional in type 'Pick<Node<Record<string, unknown>, string | undefined>, "id" | "data" | "width" | "height" | "sourcePosition" | "targetPosition" | "dragHandle" | "parentId"> & Required<...> & { ...; } & { ...; }' but required in type 'Pick<NodeData, "id" | "data" | "width" | "height" | "sourcePosition" | "targetPosition" | "dragHandle" | "parentId">'.

[7m51[0m   'condition': FlowNode,
[7m  [0m [91m  ~~~~~~~~~~~[0m

[96m../../apps/web/src/components/studio/advanced-flow-builder.tsx[0m:[93m52[0m:[93m3[0m - [91merror[0m[90m TS2322: [0mType '({ id, data, selected }: NodeProps<NodeData>) => Element' is not assignable to type 'ComponentType<Pick<Node<Record<string, unknown>, string | undefined>, "id" | "data" | "width" | "height" | "sourcePosition" | "targetPosition" | "dragHandle" | "parentId"> & Required<...> & { ...; } & { ...; }>'.
  Type '({ id, data, selected }: NodeProps<NodeData>) => Element' is not assignable to type 'FunctionComponent<Pick<Node<Record<string, unknown>, string | undefined>, "id" | "data" | "width" | "height" | "sourcePosition" | "targetPosition" | "dragHandle" | "parentId"> & Required<...> & { ...; } & { ...; }>'.
    Types of parameters '__0' and 'props' are incompatible.
      Type 'Pick<Node<Record<string, unknown>, string | undefined>, "id" | "data" | "width" | "height" | "sourcePosition" | "targetPosition" | "dragHandle" | "parentId"> & Required<...> & { ...; } & { ...; }' is not assignable to type 'NodeProps<NodeData>'.
        Type 'Pick<Node<Record<string, unknown>, string | undefined>, "id" | "data" | "width" | "height" | "sourcePosition" | "targetPosition" | "dragHandle" | "parentId"> & Required<...> & { ...; } & { ...; }' is not assignable to type 'Pick<NodeData, "id" | "data" | "width" | "height" | "sourcePosition" | "targetPosition" | "dragHandle" | "parentId">'.
          Property 'width' is optional in type 'Pick<Node<Record<string, unknown>, string | undefined>, "id" | "data" | "width" | "height" | "sourcePosition" | "targetPosition" | "dragHandle" | "parentId"> & Required<...> & { ...; } & { ...; }' but required in type 'Pick<NodeData, "id" | "data" | "width" | "height" | "sourcePosition" | "targetPosition" | "dragHandle" | "parentId">'.

[7m52[0m   'webhook': FlowNode,
[7m  [0m [91m  ~~~~~~~~~[0m

[96m../../apps/web/src/components/studio/advanced-flow-builder.tsx[0m:[93m53[0m:[93m3[0m - [91merror[0m[90m TS2322: [0mType '({ id, data, selected }: NodeProps<NodeData>) => Element' is not assignable to type 'ComponentType<Pick<Node<Record<string, unknown>, string | undefined>, "id" | "data" | "width" | "height" | "sourcePosition" | "targetPosition" | "dragHandle" | "parentId"> & Required<...> & { ...; } & { ...; }>'.
  Type '({ id, data, selected }: NodeProps<NodeData>) => Element' is not assignable to type 'FunctionComponent<Pick<Node<Record<string, unknown>, string | undefined>, "id" | "data" | "width" | "height" | "sourcePosition" | "targetPosition" | "dragHandle" | "parentId"> & Required<...> & { ...; } & { ...; }>'.
    Types of parameters '__0' and 'props' are incompatible.
      Type 'Pick<Node<Record<string, unknown>, string | undefined>, "id" | "data" | "width" | "height" | "sourcePosition" | "targetPosition" | "dragHandle" | "parentId"> & Required<...> & { ...; } & { ...; }' is not assignable to type 'NodeProps<NodeData>'.
        Type 'Pick<Node<Record<string, unknown>, string | undefined>, "id" | "data" | "width" | "height" | "sourcePosition" | "targetPosition" | "dragHandle" | "parentId"> & Required<...> & { ...; } & { ...; }' is not assignable to type 'Pick<NodeData, "id" | "data" | "width" | "height" | "sourcePosition" | "targetPosition" | "dragHandle" | "parentId">'.
          Property 'width' is optional in type 'Pick<Node<Record<string, unknown>, string | undefined>, "id" | "data" | "width" | "height" | "sourcePosition" | "targetPosition" | "dragHandle" | "parentId"> & Required<...> & { ...; } & { ...; }' but required in type 'Pick<NodeData, "id" | "data" | "width" | "height" | "sourcePosition" | "targetPosition" | "dragHandle" | "parentId">'.

[7m53[0m   'api-call': FlowNode,
[7m  [0m [91m  ~~~~~~~~~~[0m

[96m../../apps/web/src/components/studio/advanced-flow-builder.tsx[0m:[93m54[0m:[93m3[0m - [91merror[0m[90m TS2322: [0mType '({ id, data, selected }: NodeProps<NodeData>) => Element' is not assignable to type 'ComponentType<Pick<Node<Record<string, unknown>, string | undefined>, "id" | "data" | "width" | "height" | "sourcePosition" | "targetPosition" | "dragHandle" | "parentId"> & Required<...> & { ...; } & { ...; }>'.
  Type '({ id, data, selected }: NodeProps<NodeData>) => Element' is not assignable to type 'FunctionComponent<Pick<Node<Record<string, unknown>, string | undefined>, "id" | "data" | "width" | "height" | "sourcePosition" | "targetPosition" | "dragHandle" | "parentId"> & Required<...> & { ...; } & { ...; }>'.
    Types of parameters '__0' and 'props' are incompatible.
      Type 'Pick<Node<Record<string, unknown>, string | undefined>, "id" | "data" | "width" | "height" | "sourcePosition" | "targetPosition" | "dragHandle" | "parentId"> & Required<...> & { ...; } & { ...; }' is not assignable to type 'NodeProps<NodeData>'.
        Type 'Pick<Node<Record<string, unknown>, string | undefined>, "id" | "data" | "width" | "height" | "sourcePosition" | "targetPosition" | "dragHandle" | "parentId"> & Required<...> & { ...; } & { ...; }' is not assignable to type 'Pick<NodeData, "id" | "data" | "width" | "height" | "sourcePosition" | "targetPosition" | "dragHandle" | "parentId">'.
          Property 'width' is optional in type 'Pick<Node<Record<string, unknown>, string | undefined>, "id" | "data" | "width" | "height" | "sourcePosition" | "targetPosition" | "dragHandle" | "parentId"> & Required<...> & { ...; } & { ...; }' but required in type 'Pick<NodeData, "id" | "data" | "width" | "height" | "sourcePosition" | "targetPosition" | "dragHandle" | "parentId">'.

[7m54[0m   'transformer': FlowNode,
[7m  [0m [91m  ~~~~~~~~~~~~~[0m

[96m../../apps/web/src/components/studio/advanced-flow-builder.tsx[0m:[93m55[0m:[93m3[0m - [91merror[0m[90m TS2322: [0mType '({ id, data, selected }: NodeProps<NodeData>) => Element' is not assignable to type 'ComponentType<Pick<Node<Record<string, unknown>, string | undefined>, "id" | "data" | "width" | "height" | "sourcePosition" | "targetPosition" | "dragHandle" | "parentId"> & Required<...> & { ...; } & { ...; }>'.
  Type '({ id, data, selected }: NodeProps<NodeData>) => Element' is not assignable to type 'FunctionComponent<Pick<Node<Record<string, unknown>, string | undefined>, "id" | "data" | "width" | "height" | "sourcePosition" | "targetPosition" | "dragHandle" | "parentId"> & Required<...> & { ...; } & { ...; }>'.
    Types of parameters '__0' and 'props' are incompatible.
      Type 'Pick<Node<Record<string, unknown>, string | undefined>, "id" | "data" | "width" | "height" | "sourcePosition" | "targetPosition" | "dragHandle" | "parentId"> & Required<...> & { ...; } & { ...; }' is not assignable to type 'NodeProps<NodeData>'.
        Type 'Pick<Node<Record<string, unknown>, string | undefined>, "id" | "data" | "width" | "height" | "sourcePosition" | "targetPosition" | "dragHandle" | "parentId"> & Required<...> & { ...; } & { ...; }' is not assignable to type 'Pick<NodeData, "id" | "data" | "width" | "height" | "sourcePosition" | "targetPosition" | "dragHandle" | "parentId">'.
          Property 'width' is optional in type 'Pick<Node<Record<string, unknown>, string | undefined>, "id" | "data" | "width" | "height" | "sourcePosition" | "targetPosition" | "dragHandle" | "parentId"> & Required<...> & { ...; } & { ...; }' but required in type 'Pick<NodeData, "id" | "data" | "width" | "height" | "sourcePosition" | "targetPosition" | "dragHandle" | "parentId">'.

[7m55[0m   'output': FlowNode
[7m  [0m [91m  ~~~~~~~~[0m

[96m../../apps/web/src/components/studio/advanced-flow-builder.tsx[0m:[93m452[0m:[93m35[0m - [91merror[0m[90m TS7006: [0mParameter 'event' implicitly has an 'any' type.

[7m452[0m                     onDragStart={(event) => {
[7m   [0m [91m                                  ~~~~~[0m

[96m../../apps/web/src/components/studio/advanced-flow-builder.tsx[0m:[93m610[0m:[93m19[0m - [91merror[0m[90m TS2322: [0mType 'unknown' is not assignable to type 'string | number | readonly string[] | undefined'.

[7m610[0m                   value={selectedNode.data.title}
[7m   [0m [91m                  ~~~~~[0m

  [96m../../node_modules/@types/react/index.d.ts[0m:[93m3410[0m:[93m9[0m
    [7m3410[0m         value?: string | readonly string[] | number | undefined;
    [7m    [0m [96m        ~~~~~[0m
    The expected type comes from property 'value' which is declared here on type 'DetailedHTMLProps<InputHTMLAttributes<HTMLInputElement>, HTMLInputElement>'

[96m../../apps/web/src/components/studio/advanced-flow-builder.tsx[0m:[93m627[0m:[93m19[0m - [91merror[0m[90m TS2322: [0mType 'unknown' is not assignable to type 'string | number | readonly string[] | undefined'.

[7m627[0m                   value={selectedNode.data.description}
[7m   [0m [91m                  ~~~~~[0m

  [96m../../node_modules/@types/react/index.d.ts[0m:[93m3612[0m:[93m9[0m
    [7m3612[0m         value?: string | readonly string[] | number | undefined;
    [7m    [0m [96m        ~~~~~[0m
    The expected type comes from property 'value' which is declared here on type 'DetailedHTMLProps<TextareaHTMLAttributes<HTMLTextAreaElement>, HTMLTextAreaElement>'

[96m../../apps/web/src/components/studio/agent-manager.tsx[0m:[93m4[0m:[93m58[0m - [91merror[0m[90m TS2307: [0mCannot find module '@/components/ui/card' or its corresponding type declarations.

[7m4[0m import { Card, CardContent, CardHeader, CardTitle } from '@/components/ui/card'
[7m [0m [91m                                                         ~~~~~~~~~~~~~~~~~~~~~~[0m

[96m../../apps/web/src/components/studio/agent-manager.tsx[0m:[93m5[0m:[93m24[0m - [91merror[0m[90m TS2307: [0mCannot find module '@/components/ui/button' or its corresponding type declarations.

[7m5[0m import { Button } from '@/components/ui/button'
[7m [0m [91m                       ~~~~~~~~~~~~~~~~~~~~~~~~[0m

[96m../../apps/web/src/components/studio/agent-manager.tsx[0m:[93m6[0m:[93m23[0m - [91merror[0m[90m TS2307: [0mCannot find module '@/components/ui/badge' or its corresponding type declarations.

[7m6[0m import { Badge } from '@/components/ui/badge'
[7m [0m [91m                      ~~~~~~~~~~~~~~~~~~~~~~~[0m

[96m../../apps/web/src/components/studio/agent-manager.tsx[0m:[93m7[0m:[93m58[0m - [91merror[0m[90m TS2307: [0mCannot find module '@/components/ui/tabs' or its corresponding type declarations.

[7m7[0m import { Tabs, TabsContent, TabsList, TabsTrigger } from '@/components/ui/tabs'
[7m [0m [91m                                                         ~~~~~~~~~~~~~~~~~~~~~~[0m

[96m../../apps/web/src/components/studio/agent-manager.tsx[0m:[93m8[0m:[93m28[0m - [91merror[0m[90m TS2307: [0mCannot find module '@/components/ui/scroll-area' or its corresponding type declarations.

[7m8[0m import { ScrollArea } from '@/components/ui/scroll-area'
[7m [0m [91m                           ~~~~~~~~~~~~~~~~~~~~~~~~~~~~~[0m

[96m../../apps/web/src/components/studio/agent-manager.tsx[0m:[93m9[0m:[93m23[0m - [91merror[0m[90m TS2307: [0mCannot find module '@/components/ui/input' or its corresponding type declarations.

[7m9[0m import { Input } from '@/components/ui/input'
[7m [0m [91m                      ~~~~~~~~~~~~~~~~~~~~~~~[0m

[96m../../apps/web/src/components/studio/agent-manager.tsx[0m:[93m10[0m:[93m23[0m - [91merror[0m[90m TS2307: [0mCannot find module '@/components/ui/label' or its corresponding type declarations.

[7m10[0m import { Label } from '@/components/ui/label'
[7m  [0m [91m                      ~~~~~~~~~~~~~~~~~~~~~~~[0m

[96m../../apps/web/src/components/studio/agent-manager.tsx[0m:[93m11[0m:[93m26[0m - [91merror[0m[90m TS2307: [0mCannot find module '@/components/ui/textarea' or its corresponding type declarations.

[7m11[0m import { Textarea } from '@/components/ui/textarea'
[7m  [0m [91m                         ~~~~~~~~~~~~~~~~~~~~~~~~~~[0m

[96m../../apps/web/src/components/studio/agent-manager.tsx[0m:[93m12[0m:[93m27[0m - [91merror[0m[90m TS2307: [0mCannot find module '@/components/ui/separator' or its corresponding type declarations.

[7m12[0m import { Separator } from '@/components/ui/separator'
[7m  [0m [91m                          ~~~~~~~~~~~~~~~~~~~~~~~~~~~[0m

[96m../../apps/web/src/components/studio/context-manager.tsx[0m:[93m4[0m:[93m58[0m - [91merror[0m[90m TS2307: [0mCannot find module '@/components/ui/card' or its corresponding type declarations.

[7m4[0m import { Card, CardContent, CardHeader, CardTitle } from '@/components/ui/card'
[7m [0m [91m                                                         ~~~~~~~~~~~~~~~~~~~~~~[0m

[96m../../apps/web/src/components/studio/context-manager.tsx[0m:[93m5[0m:[93m24[0m - [91merror[0m[90m TS2307: [0mCannot find module '@/components/ui/button' or its corresponding type declarations.

[7m5[0m import { Button } from '@/components/ui/button'
[7m [0m [91m                       ~~~~~~~~~~~~~~~~~~~~~~~~[0m

[96m../../apps/web/src/components/studio/context-manager.tsx[0m:[93m6[0m:[93m23[0m - [91merror[0m[90m TS2307: [0mCannot find module '@/components/ui/badge' or its corresponding type declarations.

[7m6[0m import { Badge } from '@/components/ui/badge'
[7m [0m [91m                      ~~~~~~~~~~~~~~~~~~~~~~~[0m

[96m../../apps/web/src/components/studio/context-manager.tsx[0m:[93m7[0m:[93m58[0m - [91merror[0m[90m TS2307: [0mCannot find module '@/components/ui/tabs' or its corresponding type declarations.

[7m7[0m import { Tabs, TabsContent, TabsList, TabsTrigger } from '@/components/ui/tabs'
[7m [0m [91m                                                         ~~~~~~~~~~~~~~~~~~~~~~[0m

[96m../../apps/web/src/components/studio/context-manager.tsx[0m:[93m8[0m:[93m28[0m - [91merror[0m[90m TS2307: [0mCannot find module '@/components/ui/scroll-area' or its corresponding type declarations.

[7m8[0m import { ScrollArea } from '@/components/ui/scroll-area'
[7m [0m [91m                           ~~~~~~~~~~~~~~~~~~~~~~~~~~~~~[0m

[96m../../apps/web/src/components/studio/context-manager.tsx[0m:[93m9[0m:[93m23[0m - [91merror[0m[90m TS2307: [0mCannot find module '@/components/ui/input' or its corresponding type declarations.

[7m9[0m import { Input } from '@/components/ui/input'
[7m [0m [91m                      ~~~~~~~~~~~~~~~~~~~~~~~[0m

[96m../../apps/web/src/components/studio/context-manager.tsx[0m:[93m10[0m:[93m23[0m - [91merror[0m[90m TS2307: [0mCannot find module '@/components/ui/label' or its corresponding type declarations.

[7m10[0m import { Label } from '@/components/ui/label'
[7m  [0m [91m                      ~~~~~~~~~~~~~~~~~~~~~~~[0m

[96m../../apps/web/src/components/studio/context-manager.tsx[0m:[93m11[0m:[93m26[0m - [91merror[0m[90m TS2307: [0mCannot find module '@/components/ui/textarea' or its corresponding type declarations.

[7m11[0m import { Textarea } from '@/components/ui/textarea'
[7m  [0m [91m                         ~~~~~~~~~~~~~~~~~~~~~~~~~~[0m

[96m../../apps/web/src/components/studio/context-manager.tsx[0m:[93m12[0m:[93m27[0m - [91merror[0m[90m TS2307: [0mCannot find module '@/components/ui/separator' or its corresponding type declarations.

[7m12[0m import { Separator } from '@/components/ui/separator'
[7m  [0m [91m                          ~~~~~~~~~~~~~~~~~~~~~~~~~~~[0m

[96m../../apps/web/src/components/studio/context-manager.tsx[0m:[93m13[0m:[93m26[0m - [91merror[0m[90m TS2307: [0mCannot find module '@/components/ui/progress' or its corresponding type declarations.

[7m13[0m import { Progress } from '@/components/ui/progress'
[7m  [0m [91m                         ~~~~~~~~~~~~~~~~~~~~~~~~~~[0m

